Abluka Oyunu - 2025-03-29 00:13:25
AI Zorluk: hard
-----------------------------------------------------------------------------

Hamle #1
Oyuncu: İnsan (Human)
Taş Hamlesi: (1, 3)
Engel: (5, 3)
Strateji: İnsan oyuncu hamlesi - Kazanma olasılığı: %80.0
Tahta Durumu:
. . . . . . .
. . . B . . .
. . . . . . .
. . . . . . .
. . . . . . .
. . . . . . .
. . . W . . .
-----------------------------------------------------------------------------

Hamle #2
Oyuncu: AI (W)
Taş Hamlesi: (5, 2)
Engel: (2, 3)
Strateji: (5,1): Baskı bölgesinde, Rakibin hareketini 1 kadar kısıtlıyor
Tahta Durumu:
. . . . . . .
. . . B . . .
. . . . . . .
. . . . . . .
. . . . . . .
. . . . . . .
. . . W . . .
-----------------------------------------------------------------------------

Hamle #3
Oyuncu: İnsan (Human)
Taş Hamlesi: (2, 2)
Engel: (4, 2)
Strateji: İnsan oyuncu hamlesi - Kazanma olasılığı: %59.2
Tahta Durumu:
. . . . . . .
. . . . . . .
. . B . . . .
. . . . . . .
. . . . . . .
. . W . . . .
. . . . . . .
-----------------------------------------------------------------------------

Hamle #4
Oyuncu: AI (W)
Taş Hamlesi: (4, 1)
Engel: (2, 1)
Strateji: (2,0): Baskı bölgesinde, Rakibin hareketini 1 kadar kısıtlıyor
Tahta Durumu:
. . . . . . .
. . . . . . .
. . B . . . .
. . . . . . .
. . . . . . .
. . W . . . .
. . . . . . .
-----------------------------------------------------------------------------

Hamle #5
Oyuncu: İnsan (Human)
Taş Hamlesi: (3, 1)
Engel: (3, 2)
Strateji: İnsan oyuncu hamlesi - Kazanma olasılığı: %50.0
Tahta Durumu:
. . . . . . .
. . . . . . .
. . . . . . .
. B . . . . .
. W . . . . .
. . . . . . .
. . . . . . .
-----------------------------------------------------------------------------

Hamle #6
Oyuncu: AI (W)
Taş Hamlesi: (3, 0)
Engel: (4, 1)
Strateji: Engel iyileştirmesi: Rakibi daha fazla kısıtlama
Tahta Durumu:
. . . . . . .
. . . . . . .
. . . . . . .
. B . . . . .
. W . . . . .
. . . . . . .
. . . . . . .
-----------------------------------------------------------------------------

Hamle #7
Oyuncu: İnsan (Human)
Taş Hamlesi: (2, 0)
Engel: (3, 1)
Strateji: İnsan oyuncu hamlesi - Kazanma olasılığı: %95.0
Tahta Durumu:
. . . . . . .
. . . . . . .
B . . . . . .
W . . . . . .
. . . . . . .
. . . . . . .
. . . . . . .
-----------------------------------------------------------------------------

Hamle #8
Oyuncu: AI (W)
Taş Hamlesi: (4, 0)
Engel: (1, 0)
Strateji: (1,0): Baskı bölgesinde, Rakibin hareketini 1 kadar kısıtlıyor
Tahta Durumu:
. . . . . . .
. . . . . . .
B . . . . . .
W . . . . . .
. . . . . . .
. . . . . . .
. . . . . . .
-----------------------------------------------------------------------------

Hamle #9
Oyuncu: İnsan (Human)
Taş Hamlesi: (3, 0)
Engel: (5, 1)
Strateji: İnsan oyuncu hamlesi - Kazanma olasılığı: %5.0
Tahta Durumu:
. . . . . . .
. . . . . . .
. . . . . . .
B . . . . . .
W . . . . . .
. . . . . . .
. . . . . . .
-----------------------------------------------------------------------------

Hamle #10
Oyuncu: AI (W)
Taş Hamlesi: (5, 0)
Engel: (2, 0)
Strateji: Rakibi ablukaya alan hamle!
Tahta Durumu:
. . . . . . .
. . . . . . .
. . . . . . .
B . . . . . .
W . . . . . .
. . . . . . .
. . . . . . .
-----------------------------------------------------------------------------

Hamle #11
Oyuncu: İnsan (Human)
Taş Hamlesi: (4, 0)
Engel: (6, 1)
Strateji: İnsan oyuncu hamlesi - Kazanma olasılığı: %5.0
Tahta Durumu:
. . . . . . .
. . . . . . .
. . . . . . .
. . . . . . .
B . . . . . .
W . . . . . .
. . . . . . .
-----------------------------------------------------------------------------

Hamle #12
Oyuncu: AI (W)
Taş Hamlesi: (6, 0)
Engel: (3, 0)
Strateji: Rakibi çevreleme stratejisi (skor: 94.6)
Tahta Durumu:
. . . . . . .
. . . . . . .
. . . . . . .
. . . . . . .
B . . . . . .
W . . . . . .
. . . . . . .
-----------------------------------------------------------------------------

Hamle #13
Oyuncu: İnsan (Human)
Taş Hamlesi: (5, 0)
Engel: (6, 2)
Strateji: İnsan oyuncu hamlesi - Kazanma olasılığı: %5.0
Tahta Durumu:
. . . . . . .
. . . . . . .
. . . . . . .
. . . . . . .
. . . . . . .
B . . . . . .
W . . . . . .
-----------------------------------------------------------------------------
