Abluka AI Log - 2025-03-29 02:30:30
Mod (Difficulty): hard
------------------------------------------------

Hamle #1
Oyuncu: AI (B)
Taş Hamlesi: (1, 3)
Engel: (5, 2)
Strateji: Hard-ML: Öğrenilen bilgileri kullanma (Değer: 0.08, Öğrenilen toplam durum: 41)
Tahta Durumu:
. . . B . . .
. . . . . . .
. . . . . . .
. . . . . . .
. . . . . . .
. . . . . . .
. . . W . . .
------------------------------------------------

Hamle #2
Oyuncu: İnsan (Human)
Taş Hamlesi: (5, 3)
Engel: (2, 3)
Strateji: İnsan oyuncu hamlesi - Kazanma olasılığı: %50.0
Tahta Durumu:
. . . . . . .
. . . B . . .
. . . X . . .
. . . . . . .
. . . . . . .
. . X W . . .
. . . . . . .
------------------------------------------------

Hamle #3
Oyuncu: AI (B)
Taş Hamlesi: (2, 2)
Engel: (4, 2)
Strateji: Normal => (iterative deepening) Hard mantığı
Tahta Durumu:
. . . . . . .
. . . B . . .
. . . X . . .
. . . . . . .
. . . . . . .
. . X W . . .
. . . . . . .
------------------------------------------------

Hamle #4
Oyuncu: İnsan (Human)
Taş Hamlesi: (4, 3)
Engel: (3, 2)
Strateji: İnsan oyuncu hamlesi - Kazanma olasılığı: %46.7
Tahta Durumu:
. . . . . . .
. . . . . . .
. . B X . . .
. . X . . . .
. . X W . . .
. . X . . . .
. . . . . . .
------------------------------------------------

Hamle #5
Oyuncu: AI (B)
Taş Hamlesi: (1, 1)
Engel: (3, 3)
Strateji: Normal => (iterative deepening) Hard mantığı
Tahta Durumu:
. . . . . . .
. . . . . . .
. . B X . . .
. . X . . . .
. . X W . . .
. . X . . . .
. . . . . . .
------------------------------------------------

Hamle #6
Oyuncu: İnsan (Human)
Taş Hamlesi: (3, 4)
Engel: (2, 2)
Strateji: İnsan oyuncu hamlesi - Kazanma olasılığı: %47.1
Tahta Durumu:
. . . . . . .
. B . . . . .
. . X X . . .
. . X X W . .
. . X . . . .
. . X . . . .
. . . . . . .
------------------------------------------------

Hamle #7
Oyuncu: AI (B)
Taş Hamlesi: (1, 2)
Engel: (2, 4)
Strateji: Hard-ML: Öğrenilen bilgileri kullanma (Değer: 0.05, Öğrenilen toplam durum: 42)
Tahta Durumu:
. . . . . . .
. B . . . . .
. . X X . . .
. . X X W . .
. . X . . . .
. . X . . . .
. . . . . . .
------------------------------------------------

Hamle #8
Oyuncu: İnsan (Human)
Taş Hamlesi: (2, 5)
Engel: (1, 3)
Strateji: İnsan oyuncu hamlesi - Kazanma olasılığı: %58.0
Tahta Durumu:
. . . . . . .
. . B X . . .
. . X X X W .
. . X X . . .
. . X . . . .
. . X . . . .
. . . . . . .
------------------------------------------------

Hamle #9
Oyuncu: AI (B)
Taş Hamlesi: (0, 1)
Engel: (1, 4)
Strateji: Normal => (iterative deepening) Hard mantığı
Tahta Durumu:
. . . . . . .
. . B X . . .
. . X X X W .
. . X X . . .
. . X . . . .
. . X . . . .
. . . . . . .
------------------------------------------------

Hamle #10
Oyuncu: İnsan (Human)
Taş Hamlesi: (1, 5)
Engel: (0, 2)
Strateji: İnsan oyuncu hamlesi - Kazanma olasılığı: %60.0
Tahta Durumu:
. B X . . . .
. . . X X W .
. . X X X . .
. . X X . . .
. . X . . . .
. . X . . . .
. . . . . . .
------------------------------------------------

Hamle #11
Oyuncu: AI (B)
Taş Hamlesi: (0, 0)
Engel: (0, 4)
Strateji: Normal => (iterative deepening) Hard mantığı
Tahta Durumu:
. B X . . . .
. . . X X W .
. . X X X . .
. . X X . . .
. . X . . . .
. . X . . . .
. . . . . . .
------------------------------------------------

Hamle #12
Oyuncu: İnsan (Human)
Taş Hamlesi: (2, 5)
Engel: (1, 1)
Strateji: İnsan oyuncu hamlesi - Kazanma olasılığı: %90.0
Tahta Durumu:
B . X . X . .
. X . X X . .
. . X X X W .
. . X X . . .
. . X . . . .
. . X . . . .
. . . . . . .
------------------------------------------------

Hamle #13
Oyuncu: AI (B)
Taş Hamlesi: (1, 0)
Engel: (6, 2)
Strateji: Hard-ML: Öğrenilen bilgileri kullanma (Değer: 0.31, Öğrenilen toplam durum: 43)
Tahta Durumu:
B . X . X . .
. X . X X . .
. . X X X W .
. . X X . . .
. . X . . . .
. . X . . . .
. . . . . . .
------------------------------------------------

Hamle #14
Oyuncu: İnsan (Human)
Taş Hamlesi: (3, 4)
Engel: (2, 0)
Strateji: İnsan oyuncu hamlesi - Kazanma olasılığı: %63.3
Tahta Durumu:
. . X . X . .
B X . X X . .
X . X X X . .
. . X X W . .
. . X . . . .
. . X . . . .
. . X . . . .
------------------------------------------------

Hamle #15
Oyuncu: AI (B)
Taş Hamlesi: (2, 1)
Engel: (2, 5)
Strateji: Hard-ML: Öğrenilen bilgileri kullanma (Değer: 0.32, Öğrenilen toplam durum: 44)
Tahta Durumu:
. . X . X . .
B X . X X . .
X . X X X . .
. . X X W . .
. . X . . . .
. . X . . . .
. . X . . . .
------------------------------------------------

Hamle #16
Oyuncu: İnsan (Human)
Taş Hamlesi: (4, 4)
Engel: (3, 1)
Strateji: İnsan oyuncu hamlesi - Kazanma olasılığı: %76.7
Tahta Durumu:
. . X . X . .
. X . X X . .
X B X X X X .
. X X X . . .
. . X . W . .
. . X . . . .
. . X . . . .
------------------------------------------------

Hamle #17
Oyuncu: AI (B)
Taş Hamlesi: (3, 0)
Engel: (2, 6)
Strateji: Hard-ML: Öğrenilen bilgileri kullanma (Değer: 0.40, Öğrenilen toplam durum: 45)
Tahta Durumu:
. . X . X . .
. X . X X . .
X B X X X X .
. X X X . . .
. . X . W . .
. . X . . . .
. . X . . . .
------------------------------------------------

Hamle #18
Oyuncu: İnsan (Human)
Taş Hamlesi: (5, 4)
Engel: (4, 0)
Strateji: İnsan oyuncu hamlesi - Kazanma olasılığı: %90.0
Tahta Durumu:
. . X . X . .
. X . X X . .
X . X X X X X
B X X X . . .
X . X . . . .
. . X . W . .
. . X . . . .
------------------------------------------------

Hamle #19
Oyuncu: AI (B)
Taş Hamlesi: (2, 1)
Engel: (4, 3)
Strateji: Normal => (iterative deepening) Hard mantığı
Tahta Durumu:
. . X . X . .
. X . X X . .
X . X X X X X
B X X X . . .
X . X . . . .
. . X . W . .
. . X . . . .
------------------------------------------------

Hamle #20
Oyuncu: İnsan (Human)
Taş Hamlesi: (4, 4)
Engel: (3, 0)
Strateji: İnsan oyuncu hamlesi - Kazanma olasılığı: %90.0
Tahta Durumu:
. . X . X . .
. X . X X . .
X B X X X X X
X X X X . . .
X . X X W . .
. . X . . . .
. . X . . . .
------------------------------------------------

Hamle #21
Oyuncu: AI (B)
Taş Hamlesi: (1, 0)
Engel: (0, 0)
Strateji: Easy fallback => random
Tahta Durumu:
. . X . X . .
. X . X X . .
X B X X X X X
X X X X . . .
X . X X W . .
. . X . . . .
. . X . . . .
------------------------------------------------

Hamle #22
Oyuncu: İnsan (Human)
Taş Hamlesi: (4, 5)
Engel: (2, 1)
Strateji: İnsan oyuncu hamlesi - Kazanma olasılığı: %90.0
Tahta Durumu:
X . X . X . .
B X . X X . .
X X X X X X X
X X X X . . .
X . X X . W .
. . X . . . .
. . X . . . .
------------------------------------------------

Hamle #23
Oyuncu: AI (B)
Taş Hamlesi: (0, 1)
Engel: (3, 4)
Strateji: Hard-ML: Öğrenilen bilgileri kullanma (Değer: 0.33, Öğrenilen toplam durum: 46)
Tahta Durumu:
X . X . X . .
B X . X X . .
X X X X X X X
X X X X . . .
X . X X . W .
. . X . . . .
. . X . . . .
------------------------------------------------

Hamle #24
Oyuncu: İnsan (Human)
Taş Hamlesi: (3, 5)
Engel: (1, 2)
Strateji: İnsan oyuncu hamlesi - Kazanma olasılığı: %90.0
Tahta Durumu:
X B X . X . .
. X X X X . .
X X X X X X X
X X X X X W .
X . X X . . .
. . X . . . .
. . X . . . .
------------------------------------------------

Hamle #25
Oyuncu: AI (B)
Taş Hamlesi: (1, 0)
Engel: (3, 6)
Strateji: Normal => (iterative deepening) Hard mantığı
Tahta Durumu:
X B X . X . .
. X X X X . .
X X X X X X X
X X X X X W .
X . X X . . .
. . X . . . .
. . X . . . .
------------------------------------------------

Hamle #26
Oyuncu: İnsan (Human)
Taş Hamlesi: (4, 5)
Engel: (0, 1)
Strateji: İnsan oyuncu hamlesi - Kazanma olasılığı: %95.0
Tahta Durumu:
X X X . X . .
B X X X X . .
X X X X X X X
X X X X X . X
X . X X . W .
. . X . . . .
. . X . . . .
------------------------------------------------
