Abluka AI Log - 2025-11-19 23:52:57
Mod (Difficulty): normal
------------------------------------------------

Hamle #1
Oyuncu: İnsan (Human)
Taş Hamlesi: (1, 3)
Engel: (5, 3)
Strateji: İnsan oyuncu hamlesi - Kazanma olasılığı: %70.0
Tahta Durumu:
. . . . . . .
. . . B . . .
. . . . . . .
. . . . . . .
. . . . . . .
. . . X . . .
. . . W . . .
------------------------------------------------

Hamle #2
Oyuncu: AI (W)
Taş Hamlesi: (5, 2)
Engel: (1, 2)
Strateji: Normal => İyi güvenli hamle (skor: 226)
Tahta Durumu:
. . . . . . .
. . . B . . .
. . . . . . .
. . . . . . .
. . . . . . .
. . . X . . .
. . . W . . .
------------------------------------------------

Hamle #3
Oyuncu: İnsan (Human)
Taş Hamlesi: (2, 2)
Engel: (4, 3)
Strateji: İnsan oyuncu hamlesi - Kazanma olasılığı: %53.3
Tahta Durumu:
. . . . . . .
. . X . . . .
. . B . . . .
. . . . . . .
. . . X . . .
. . W X . . .
. . . . . . .
------------------------------------------------

Hamle #4
Oyuncu: AI (W)
Taş Hamlesi: (4, 1)
Engel: (1, 1)
Strateji: Normal => İyi güvenli hamle (skor: 308)
Tahta Durumu:
. . . . . . .
. . X . . . .
. . B . . . .
. . . . . . .
. . . X . . .
. . W X . . .
. . . . . . .
------------------------------------------------

Hamle #5
Oyuncu: İnsan (Human)
Taş Hamlesi: (3, 2)
Engel: (3, 1)
Strateji: İnsan oyuncu hamlesi - Kazanma olasılığı: %46.7
Tahta Durumu:
. . . . . . .
. X X . . . .
. . . . . . .
. X B . . . .
. W . X . . .
. . . X . . .
. . . . . . .
------------------------------------------------

Hamle #6
Oyuncu: AI (W)
Taş Hamlesi: (5, 1)
Engel: (2, 1)
Strateji: Normal => En iyi güvenli hamle (skor: 290)
Tahta Durumu:
. . . . . . .
. X X . . . .
. . . . . . .
. X B . . . .
. W . X . . .
. . . X . . .
. . . . . . .
------------------------------------------------

Hamle #7
Oyuncu: İnsan (Human)
Taş Hamlesi: (4, 2)
Engel: (4, 1)
Strateji: İnsan oyuncu hamlesi - Kazanma olasılığı: %40.0
Tahta Durumu:
. . . . . . .
. X X . . . .
. X . . . . .
. X . . . . .
. X B X . . .
. W . X . . .
. . . . . . .
------------------------------------------------

Hamle #8
Oyuncu: AI (W)
Taş Hamlesi: (5, 2)
Engel: (3, 2)
Strateji: Normal => İyi güvenli hamle (skor: 482)
Tahta Durumu:
. . . . . . .
. X X . . . .
. X . . . . .
. X . . . . .
. X B X . . .
. W . X . . .
. . . . . . .
------------------------------------------------

Hamle #9
Oyuncu: İnsan (Human)
Taş Hamlesi: (3, 3)
Engel: (5, 1)
Strateji: İnsan oyuncu hamlesi - Kazanma olasılığı: %60.0
Tahta Durumu:
. . . . . . .
. X X . . . .
. X . . . . .
. X X B . . .
. X . X . . .
. X W X . . .
. . . . . . .
------------------------------------------------

Hamle #10
Oyuncu: AI (W)
Taş Hamlesi: (6, 1)
Engel: (0, 0)
Strateji: Normal => Acil durum hamlesi
Tahta Durumu:
. . . . . . .
. X X . . . .
. X . . . . .
. X X B . . .
. X . X . . .
. X W X . . .
. . . . . . .
------------------------------------------------

Hamle #11
Oyuncu: İnsan (Human)
Taş Hamlesi: (4, 2)
Engel: (6, 2)
Strateji: İnsan oyuncu hamlesi - Kazanma olasılığı: %43.3
Tahta Durumu:
X . . . . . .
. X X . . . .
. X . . . . .
. X X . . . .
. X B X . . .
. X . X . . .
. W X . . . .
------------------------------------------------

Hamle #12
Oyuncu: AI (W)
Taş Hamlesi: (5, 2)
Engel: (3, 3)
Strateji: Direkt kazanma fırsatı!
Tahta Durumu:
X . . . . . .
. X X . . . .
. X . . . . .
. X X . . . .
. X B X . . .
. X . X . . .
. W X . . . .
------------------------------------------------
