Abluka AI Log - 2025-03-29 01:44:36
Mod (Difficulty): hard
------------------------------------------------

Hamle #1
Oyuncu: İnsan (Human)
Taş Hamlesi: (1, 3)
Engel: (5, 3)
Strateji: İnsan oyuncu hamlesi - Kazanma olasılığı: %70.0
Tahta Durumu:
. . . . . . .
. . . B . . .
. . . . . . .
. . . . . . .
. . . . . . .
. . . X . . .
. . . W . . .
------------------------------------------------

Hamle #2
Oyuncu: AI (W)
Taş Hamlesi: (5, 2)
Engel: (0, 2)
Strateji: Hard-ML: Öğrenilen bilgileri kullanma (Değer: 0.04, Öğrenilen toplam durum: 26)
Tahta Durumu:
. . . . . . .
. . . B . . .
. . . . . . .
. . . . . . .
. . . . . . .
. . . X . . .
. . . W . . .
------------------------------------------------

Hamle #3
Oyuncu: İnsan (Human)
Taş Hamlesi: (2, 2)
Engel: (4, 2)
Strateji: İnsan oyuncu hamlesi - Kazanma olasılığı: %56.7
Tahta Durumu:
. . X . . . .
. . . . . . .
. . B . . . .
. . . . . . .
. . X . . . .
. . W X . . .
. . . . . . .
------------------------------------------------

Hamle #4
Oyuncu: AI (W)
Taş Hamlesi: (4, 3)
Engel: (5, 2)
Strateji: Hard-ML: Keşif modu (epsilon-greedy)
Tahta Durumu:
. . X . . . .
. . . . . . .
. . B . . . .
. . . . . . .
. . X . . . .
. . W X . . .
. . . . . . .
------------------------------------------------

Hamle #5
Oyuncu: İnsan (Human)
Taş Hamlesi: (3, 3)
Engel: (3, 4)
Strateji: İnsan oyuncu hamlesi - Kazanma olasılığı: %63.3
Tahta Durumu:
. . X . . . .
. . . . . . .
. . . . . . .
. . . B X . .
. . X W . . .
. . X X . . .
. . . . . . .
------------------------------------------------

Hamle #6
Oyuncu: AI (W)
Taş Hamlesi: (3, 2)
Engel: (2, 4)
Strateji: Hard-ML: Öğrenilen bilgileri kullanma (Değer: 0.06, Öğrenilen toplam durum: 27)
Tahta Durumu:
. . X . . . .
. . . . . . .
. . . . . . .
. . . B X . .
. . X W . . .
. . X X . . .
. . . . . . .
------------------------------------------------

Hamle #7
Oyuncu: İnsan (Human)
Taş Hamlesi: (2, 2)
Engel: (3, 3)
Strateji: İnsan oyuncu hamlesi - Kazanma olasılığı: %54.0
Tahta Durumu:
. . X . . . .
. . . . . . .
. . B . X . .
. . W X X . .
. . X . . . .
. . X X . . .
. . . . . . .
------------------------------------------------

Hamle #8
Oyuncu: AI (W)
Taş Hamlesi: (2, 1)
Engel: (4, 1)
Strateji: Hard-ML: Keşif modu (epsilon-greedy)
Tahta Durumu:
. . X . . . .
. . . . . . .
. . B . X . .
. . W X X . .
. . X . . . .
. . X X . . .
. . . . . . .
------------------------------------------------

Hamle #9
Oyuncu: İnsan (Human)
Taş Hamlesi: (1, 2)
Engel: (2, 2)
Strateji: İnsan oyuncu hamlesi - Kazanma olasılığı: %46.7
Tahta Durumu:
. . X . . . .
. . B . . . .
. W X . X . .
. . . X X . .
. X X . . . .
. . X X . . .
. . . . . . .
------------------------------------------------

Hamle #10
Oyuncu: AI (W)
Taş Hamlesi: (3, 2)
Engel: (0, 6)
Strateji: Hard-ML: Keşif modu (epsilon-greedy)
Tahta Durumu:
. . X . . . .
. . B . . . .
. W X . X . .
. . . X X . .
. X X . . . .
. . X X . . .
. . . . . . .
------------------------------------------------

Hamle #11
Oyuncu: İnsan (Human)
Taş Hamlesi: (2, 3)
Engel: (2, 1)
Strateji: İnsan oyuncu hamlesi - Kazanma olasılığı: %60.0
Tahta Durumu:
. . X . . . X
. . . . . . .
. X X B X . .
. . W X X . .
. X X . . . .
. . X X . . .
. . . . . . .
------------------------------------------------

Hamle #12
Oyuncu: AI (W)
Taş Hamlesi: (3, 1)
Engel: (1, 2)
Strateji: Hard-ML: Öğrenilen bilgileri kullanma (Değer: 0.05, Öğrenilen toplam durum: 28)
Tahta Durumu:
. . X . . . X
. . . . . . .
. X X B X . .
. . W X X . .
. X X . . . .
. . X X . . .
. . . . . . .
------------------------------------------------

Hamle #13
Oyuncu: İnsan (Human)
Taş Hamlesi: (3, 2)
Engel: (2, 0)
Strateji: İnsan oyuncu hamlesi - Kazanma olasılığı: %50.0
Tahta Durumu:
. . X . . . X
. . X . . . .
X X X . X . .
. W B X X . .
. X X . . . .
. . X X . . .
. . . . . . .
------------------------------------------------

Hamle #14
Oyuncu: AI (W)
Taş Hamlesi: (4, 0)
Engel: (3, 6)
Strateji: Hard-ML: Keşif modu (epsilon-greedy)
Tahta Durumu:
. . X . . . X
. . X . . . .
X X X . X . .
. W B X X . .
. X X . . . .
. . X X . . .
. . . . . . .
------------------------------------------------

Hamle #15
Oyuncu: İnsan (Human)
Taş Hamlesi: (3, 1)
Engel: (5, 1)
Strateji: İnsan oyuncu hamlesi - Kazanma olasılığı: %50.0
Tahta Durumu:
. . X . . . X
. . X . . . .
X X X . X . .
. B . X X . X
W X X . . . .
. X X X . . .
. . . . . . .
------------------------------------------------

Hamle #16
Oyuncu: AI (W)
Taş Hamlesi: (3, 0)
Engel: (1, 3)
Strateji: Hard-ML: Keşif modu (epsilon-greedy)
Tahta Durumu:
. . X . . . X
. . X . . . .
X X X . X . .
. B . X X . X
W X X . . . .
. X X X . . .
. . . . . . .
------------------------------------------------

Hamle #17
Oyuncu: İnsan (Human)
Taş Hamlesi: (4, 0)
Engel: (3, 1)
Strateji: İnsan oyuncu hamlesi - Kazanma olasılığı: %95.0
Tahta Durumu:
. . X . . . X
. . X X . . .
X X X . X . .
W X . X X . X
B X X . . . .
. X X X . . .
. . . . . . .
------------------------------------------------
