Abluka AI Log - 2025-11-19 23:37:53
Mod (Difficulty): normal
------------------------------------------------

Hamle #1
Oyuncu: AI (B)
Taş Hamlesi: (0, 2)
Engel: (5, 3)
Strateji: Normal => Strateji (skor: 57, derinlik: 4)
Tahta Durumu:
. . . B . . .
. . . . . . .
. . . . . . .
. . . . . . .
. . . . . . .
. . . . . . .
. . . W . . .
------------------------------------------------

Hamle #2
Oyuncu: İnsan (Human)
Taş Hamlesi: (5, 4)
Engel: (1, 2)
Strateji: İnsan oyuncu hamlesi - Kazanma olasılığı: %65.0
Tahta Durumu:
. . B . . . .
. . X . . . .
. . . . . . .
. . . . . . .
. . . . . . .
. . . X W . .
. . . . . . .
------------------------------------------------

Hamle #3
Oyuncu: AI (B)
Taş Hamlesi: (0, 1)
Engel: (4, 3)
Strateji: Normal => Strateji (skor: -22, derinlik: 4)
Tahta Durumu:
. . B . . . .
. . X . . . .
. . . . . . .
. . . . . . .
. . . . . . .
. . . X W . .
. . . . . . .
------------------------------------------------

Hamle #4
Oyuncu: İnsan (Human)
Taş Hamlesi: (4, 4)
Engel: (0, 0)
Strateji: İnsan oyuncu hamlesi - Kazanma olasılığı: %70.0
Tahta Durumu:
X B . . . . .
. . X . . . .
. . . . . . .
. . . . . . .
. . . X W . .
. . . X . . .
. . . . . . .
------------------------------------------------

Hamle #5
Oyuncu: AI (B)
Taş Hamlesi: (1, 1)
Engel: (0, 1)
Strateji: Normal => Kritik savunma (hamle sayısı: 3)
Tahta Durumu:
X B . . . . .
. . X . . . .
. . . . . . .
. . . . . . .
. . . X W . .
. . . X . . .
. . . . . . .
------------------------------------------------

Hamle #6
Oyuncu: İnsan (Human)
Taş Hamlesi: (3, 3)
Engel: (2, 1)
Strateji: İnsan oyuncu hamlesi - Kazanma olasılığı: %65.0
Tahta Durumu:
X X . . . . .
. B X . . . .
. X . . . . .
. . . W . . .
. . . X . . .
. . . X . . .
. . . . . . .
------------------------------------------------

Hamle #7
Oyuncu: AI (B)
Taş Hamlesi: (0, 2)
Engel: (2, 2)
Strateji: Normal => Strateji (skor: 70, derinlik: 4)
Tahta Durumu:
X X . . . . .
. B X . . . .
. X . . . . .
. . . W . . .
. . . X . . .
. . . X . . .
. . . . . . .
------------------------------------------------

Hamle #8
Oyuncu: İnsan (Human)
Taş Hamlesi: (3, 4)
Engel: (0, 3)
Strateji: İnsan oyuncu hamlesi - Kazanma olasılığı: %90.0
Tahta Durumu:
X X B X . . .
. . X . . . .
. X X . . . .
. . . . W . .
. . . X . . .
. . . X . . .
. . . . . . .
------------------------------------------------

Hamle #9
Oyuncu: AI (B)
Taş Hamlesi: (1, 3)
Engel: (2, 3)
Strateji: Normal => Kritik savunma (hamle sayısı: 2)
Tahta Durumu:
X X B X . . .
. . X . . . .
. X X . . . .
. . . . W . .
. . . X . . .
. . . X . . .
. . . . . . .
------------------------------------------------
