Abluka AI Log - 2025-04-07 11:04:50
Mod (Difficulty): hard
------------------------------------------------

Hamle #1
Oyuncu: İnsan (Human)
Taş Hamlesi: (1, 3)
Engel: (5, 3)
Strateji: İnsan oyuncu hamlesi - Kazanma olasılığı: %70.0
Tahta Durumu:
. . . . . . .
. . . B . . .
. . . . . . .
. . . . . . .
. . . . . . .
. . . X . . .
. . . W . . .
------------------------------------------------

Hamle #2
Oyuncu: AI (W)
Taş Hamlesi: (5, 4)
Engel: (0, 2)
Strateji: ML => Q + heuristic exploit => 21.73 (Q:14.47), Qsize=7795
Tahta Durumu:
. . . . . . .
. . . B . . .
. . . . . . .
. . . . . . .
. . . . . . .
. . . X . . .
. . . W . . .
------------------------------------------------

Hamle #3
Oyuncu: İnsan (Human)
Taş Hamlesi: (2, 3)
Engel: (4, 4)
Strateji: İnsan oyuncu hamlesi - Kazanma olasılığı: %56.7
Tahta Durumu:
. . X . . . .
. . . . . . .
. . . B . . .
. . . . . . .
. . . . X . .
. . . X W . .
. . . . . . .
------------------------------------------------

Hamle #4
Oyuncu: AI (W)
Taş Hamlesi: (4, 3)
Engel: (3, 2)
Strateji: ML => Q + heuristic exploit => 25.97 (Q:17.31), Qsize=7795
Tahta Durumu:
. . X . . . .
. . . . . . .
. . . B . . .
. . . . . . .
. . . . X . .
. . . X W . .
. . . . . . .
------------------------------------------------

Hamle #5
Oyuncu: İnsan (Human)
Taş Hamlesi: (3, 3)
Engel: (4, 2)
Strateji: İnsan oyuncu hamlesi - Kazanma olasılığı: %56.7
Tahta Durumu:
. . X . . . .
. . . . . . .
. . . . . . .
. . X B . . .
. . X W X . .
. . . X . . .
. . . . . . .
------------------------------------------------

Hamle #6
Oyuncu: AI (W)
Taş Hamlesi: (3, 4)
Engel: (2, 2)
Strateji: ML => Q + heuristic exploit => 0.04 (Q:0.00), Qsize=7795
Tahta Durumu:
. . X . . . .
. . . . . . .
. . . . . . .
. . X B . . .
. . X W X . .
. . . X . . .
. . . . . . .
------------------------------------------------

Hamle #7
Oyuncu: İnsan (Human)
Taş Hamlesi: (2, 3)
Engel: (2, 4)
Strateji: İnsan oyuncu hamlesi - Kazanma olasılığı: %46.0
Tahta Durumu:
. . X . . . .
. . . . . . .
. . X B X . .
. . X . W . .
. . X . X . .
. . . X . . .
. . . . . . .
------------------------------------------------

Hamle #8
Oyuncu: AI (W)
Taş Hamlesi: (2, 5)
Engel: (1, 2)
Strateji: ML => Q + heuristic exploit => 0.04 (Q:0.00), Qsize=7795
Tahta Durumu:
. . X . . . .
. . . . . . .
. . X B X . .
. . X . W . .
. . X . X . .
. . . X . . .
. . . . . . .
------------------------------------------------

Hamle #9
Oyuncu: İnsan (Human)
Taş Hamlesi: (1, 4)
Engel: (1, 5)
Strateji: İnsan oyuncu hamlesi - Kazanma olasılığı: %50.0
Tahta Durumu:
. . X . . . .
. . X . B X .
. . X . X W .
. . X . . . .
. . X . X . .
. . . X . . .
. . . . . . .
------------------------------------------------

Hamle #10
Oyuncu: AI (W)
Taş Hamlesi: (3, 4)
Engel: (0, 3)
Strateji: ML => Q + heuristic exploit => 0.03 (Q:0.00), Qsize=7795
Tahta Durumu:
. . X . . . .
. . X . B X .
. . X . X W .
. . X . . . .
. . X . X . .
. . . X . . .
. . . . . . .
------------------------------------------------

Hamle #11
Oyuncu: İnsan (Human)
Taş Hamlesi: (2, 3)
Engel: (3, 3)
Strateji: İnsan oyuncu hamlesi - Kazanma olasılığı: %40.0
Tahta Durumu:
. . X X . . .
. . X . . X .
. . X B X . .
. . X X W . .
. . X . X . .
. . . X . . .
. . . . . . .
------------------------------------------------

Hamle #12
Oyuncu: AI (W)
Taş Hamlesi: (4, 3)
Engel: (6, 3)
Strateji: ML => Q + heuristic exploit => 0.22 (Q:0.00), Qsize=7795
Tahta Durumu:
. . X X . . .
. . X . . X .
. . X B X . .
. . X X W . .
. . X . X . .
. . . X . . .
. . . . . . .
------------------------------------------------

Hamle #13
Oyuncu: İnsan (Human)
Taş Hamlesi: (3, 4)
Engel: (5, 2)
Strateji: İnsan oyuncu hamlesi - Kazanma olasılığı: %90.0
Tahta Durumu:
. . X X . . .
. . X . . X .
. . X . X . .
. . X X B . .
. . X W X . .
. . X X . . .
. . . X . . .
------------------------------------------------

Hamle #14
Oyuncu: AI (W)
Taş Hamlesi: (5, 4)
Engel: (2, 3)
Strateji: ML => Q + heuristic exploit => 0.20 (Q:0.00), Qsize=7795
Tahta Durumu:
. . X X . . .
. . X . . X .
. . X . X . .
. . X X B . .
. . X W X . .
. . X X . . .
. . . X . . .
------------------------------------------------

Hamle #15
Oyuncu: İnsan (Human)
Taş Hamlesi: (3, 5)
Engel: (4, 3)
Strateji: İnsan oyuncu hamlesi - Kazanma olasılığı: %60.0
Tahta Durumu:
. . X X . . .
. . X . . X .
. . X X X . .
. . X X . B .
. . X X X . .
. . X X W . .
. . . X . . .
------------------------------------------------

Hamle #16
Oyuncu: AI (W)
Taş Hamlesi: (4, 5)
Engel: (4, 6)
Strateji: ML => Q + heuristic exploit => 0.29 (Q:0.00), Qsize=7795
Tahta Durumu:
. . X X . . .
. . X . . X .
. . X X X . .
. . X X . B .
. . X X X . .
. . X X W . .
. . . X . . .
------------------------------------------------

Hamle #17
Oyuncu: İnsan (Human)
Taş Hamlesi: (3, 6)
Engel: (3, 5)
Strateji: İnsan oyuncu hamlesi - Kazanma olasılığı: %40.0
Tahta Durumu:
. . X X . . .
. . X . . X .
. . X X X . .
. . X X . X B
. . X X X W X
. . X X . . .
. . . X . . .
------------------------------------------------

Hamle #18
Oyuncu: AI (W)
Taş Hamlesi: (5, 5)
Engel: (4, 5)
Strateji: ML => Q + heuristic exploit => 0.28 (Q:0.00), Qsize=7795
Tahta Durumu:
. . X X . . .
. . X . . X .
. . X X X . .
. . X X . X B
. . X X X W X
. . X X . . .
. . . X . . .
------------------------------------------------

Hamle #19
Oyuncu: İnsan (Human)
Taş Hamlesi: (2, 5)
Engel: (5, 4)
Strateji: İnsan oyuncu hamlesi - Kazanma olasılığı: %55.0
Tahta Durumu:
. . X X . . .
. . X . . X .
. . X X X B .
. . X X . X .
. . X X X X X
. . X X X W .
. . . X . . .
------------------------------------------------

Hamle #20
Oyuncu: AI (W)
Taş Hamlesi: (6, 5)
Engel: (1, 4)
Strateji: ML => Q + heuristic exploit => 0.28 (Q:0.00), Qsize=7795
Tahta Durumu:
. . X X . . .
. . X . . X .
. . X X X B .
. . X X . X .
. . X X X X X
. . X X X W .
. . . X . . .
------------------------------------------------

Hamle #21
Oyuncu: İnsan (Human)
Taş Hamlesi: (1, 6)
Engel: (6, 4)
Strateji: İnsan oyuncu hamlesi - Kazanma olasılığı: %56.7
Tahta Durumu:
. . X X . . .
. . X . X X B
. . X X X . .
. . X X . X .
. . X X X X X
. . X X X . .
. . . X X W .
------------------------------------------------

Hamle #22
Oyuncu: AI (W)
Taş Hamlesi: (6, 6)
Engel: (0, 5)
Strateji: ML => Q + heuristic exploit => 0.32 (Q:0.00), Qsize=7795
Tahta Durumu:
. . X X . . .
. . X . X X B
. . X X X . .
. . X X . X .
. . X X X X X
. . X X X . .
. . . X X W .
------------------------------------------------

Hamle #23
Oyuncu: İnsan (Human)
Taş Hamlesi: (2, 5)
Engel: (5, 5)
Strateji: İnsan oyuncu hamlesi - Kazanma olasılığı: %70.0
Tahta Durumu:
. . X X . X .
. . X . X X .
. . X X X B .
. . X X . X .
. . X X X X X
. . X X X X .
. . . X X . W
------------------------------------------------

Hamle #24
Oyuncu: AI (W)
Taş Hamlesi: (5, 6)
Engel: (1, 6)
Strateji: ML => Q + heuristic exploit => 0.34 (Q:0.00), Qsize=7795
Tahta Durumu:
. . X X . X .
. . X . X X .
. . X X X B .
. . X X . X .
. . X X X X X
. . X X X X .
. . . X X . W
------------------------------------------------

Hamle #25
Oyuncu: İnsan (Human)
Taş Hamlesi: (3, 4)
Engel: (6, 5)
Strateji: İnsan oyuncu hamlesi - Kazanma olasılığı: %50.0
Tahta Durumu:
. . X X . X .
. . X . X X X
. . X X X . .
. . X X B X .
. . X X X X X
. . X X X X W
. . . X X X .
------------------------------------------------

Hamle #26
Oyuncu: AI (W)
Taş Hamlesi: (6, 6)
Engel: (2, 5)
Strateji: Hızlı kazanma: Rakibi ablukada bırakmak
Tahta Durumu:
. . X X . X .
. . X . X X X
. . X X X . .
. . X X B X .
. . X X X X X
. . X X X X W
. . . X X X .
------------------------------------------------
