Abluka AI Log - 2025-03-29 03:59:37
Mod (Difficulty): hard
------------------------------------------------

Hamle #1
Oyuncu: AI (B)
Taş Hamlesi: (0, 4)
Engel: (0, 0)
Strateji: Hard-ML: Öğrenilen bilgileri kullanma (Değer: 109.25, Öğrenilen toplam durum: 2013)
Tahta Durumu:
. . . B . . .
. . . . . . .
. . . . . . .
. . . . . . .
. . . . . . .
. . . . . . .
. . . W . . .
------------------------------------------------

Hamle #2
Oyuncu: İnsan (Human)
Taş Hamlesi: (5, 3)
Engel: (1, 4)
Strateji: İnsan oyuncu hamlesi - Kazanma olasılığı: %70.0
Tahta Durumu:
X . . . B . .
. . . . X . .
. . . . . . .
. . . . . . .
. . . . . . .
. . . W . . .
. . . . . . .
------------------------------------------------

Hamle #3
Oyuncu: AI (B)
Taş Hamlesi: (0, 3)
Engel: (4, 2)
Strateji: Normal => (iterative deepening) Hard mantığı
Tahta Durumu:
X . . . B . .
. . . . X . .
. . . . . . .
. . . . . . .
. . . . . . .
. . . W . . .
. . . . . . .
------------------------------------------------

Hamle #4
Oyuncu: İnsan (Human)
Taş Hamlesi: (4, 3)
Engel: (1, 3)
Strateji: İnsan oyuncu hamlesi - Kazanma olasılığı: %76.7
Tahta Durumu:
X . . B . . .
. . . X X . .
. . . . . . .
. . . . . . .
. . X W . . .
. . . . . . .
. . . . . . .
------------------------------------------------

Hamle #5
Oyuncu: AI (B)
Taş Hamlesi: (0, 2)
Engel: (3, 2)
Strateji: Normal => (iterative deepening) Hard mantığı
Tahta Durumu:
X . . B . . .
. . . X X . .
. . . . . . .
. . . . . . .
. . X W . . .
. . . . . . .
. . . . . . .
------------------------------------------------

Hamle #6
Oyuncu: İnsan (Human)
Taş Hamlesi: (3, 3)
Engel: (1, 2)
Strateji: İnsan oyuncu hamlesi - Kazanma olasılığı: %70.0
Tahta Durumu:
X . B . . . .
. . X X X . .
. . . . . . .
. . X W . . .
. . X . . . .
. . . . . . .
. . . . . . .
------------------------------------------------

Hamle #7
Oyuncu: AI (B)
Taş Hamlesi: (1, 1)
Engel: (2, 3)
Strateji: Hard-ML: Öğrenilen bilgileri kullanma (Değer: 0.05, Öğrenilen toplam durum: 2014)
Tahta Durumu:
X . B . . . .
. . X X X . .
. . . . . . .
. . X W . . .
. . X . . . .
. . . . . . .
. . . . . . .
------------------------------------------------

Hamle #8
Oyuncu: İnsan (Human)
Taş Hamlesi: (2, 2)
Engel: (2, 1)
Strateji: İnsan oyuncu hamlesi - Kazanma olasılığı: %40.0
Tahta Durumu:
X . . . . . .
. B X X X . .
. X W X . . .
. . X . . . .
. . X . . . .
. . . . . . .
. . . . . . .
------------------------------------------------

Hamle #9
Oyuncu: AI (B)
Taş Hamlesi: (2, 0)
Engel: (3, 3)
Strateji: Hard-ML: Öğrenilen bilgileri kullanma (Değer: 0.07, Öğrenilen toplam durum: 2015)
Tahta Durumu:
X . . . . . .
. B X X X . .
. X W X . . .
. . X . . . .
. . X . . . .
. . . . . . .
. . . . . . .
------------------------------------------------

Hamle #10
Oyuncu: İnsan (Human)
Taş Hamlesi: (3, 1)
Engel: (3, 0)
Strateji: İnsan oyuncu hamlesi - Kazanma olasılığı: %60.0
Tahta Durumu:
X . . . . . .
. . X X X . .
B X . X . . .
X W X X . . .
. . X . . . .
. . . . . . .
. . . . . . .
------------------------------------------------

Hamle #11
Oyuncu: AI (B)
Taş Hamlesi: (1, 1)
Engel: (0, 1)
Strateji: Easy fallback => random
Tahta Durumu:
X . . . . . .
. . X X X . .
B X . X . . .
X W X X . . .
. . X . . . .
. . . . . . .
. . . . . . .
------------------------------------------------

Hamle #12
Oyuncu: İnsan (Human)
Taş Hamlesi: (4, 1)
Engel: (0, 2)
Strateji: İnsan oyuncu hamlesi - Kazanma olasılığı: %63.3
Tahta Durumu:
X X X . . . .
. B X X X . .
. X . X . . .
X . X X . . .
. W X . . . .
. . . . . . .
. . . . . . .
------------------------------------------------

Hamle #13
Oyuncu: AI (B)
Taş Hamlesi: (2, 0)
Engel: (2, 2)
Strateji: Hard-ML: Öğrenilen bilgileri kullanma (Değer: 0.08, Öğrenilen toplam durum: 2016)
Tahta Durumu:
X X X . . . .
. B X X X . .
. X . X . . .
X . X X . . .
. W X . . . .
. . . . . . .
. . . . . . .
------------------------------------------------

Hamle #14
Oyuncu: İnsan (Human)
Taş Hamlesi: (3, 1)
Engel: (1, 1)
Strateji: İnsan oyuncu hamlesi - Kazanma olasılığı: %70.0
Tahta Durumu:
X X X . . . .
. X X X X . .
B X X X . . .
X W X X . . .
. . X . . . .
. . . . . . .
. . . . . . .
------------------------------------------------

Hamle #15
Oyuncu: AI (B)
Taş Hamlesi: (1, 0)
Engel: (0, 4)
Strateji: Hard-ML: Öğrenilen bilgileri kullanma (Değer: -0.08, Öğrenilen toplam durum: 2017)
Tahta Durumu:
X X X . . . .
. X X X X . .
B X X X . . .
X W X X . . .
. . X . . . .
. . . . . . .
. . . . . . .
------------------------------------------------

Hamle #16
Oyuncu: İnsan (Human)
Taş Hamlesi: (4, 1)
Engel: (2, 0)
Strateji: İnsan oyuncu hamlesi - Kazanma olasılığı: %95.0
Tahta Durumu:
X X X . X . .
B X X X X . .
X X X X . . .
X . X X . . .
. W X . . . .
. . . . . . .
. . . . . . .
------------------------------------------------
