Abluka AI Log - 2025-03-29 13:54:05
Mod (Difficulty): hard
------------------------------------------------

Hamle #1
Oyuncu: AI (B)
Taş Hamlesi: (0, 4)
Engel: (0, 0)
Strateji: Hard-ML: Öğrenilen bilgileri kullanma (Değer: 127.75, Öğrenilen toplam durum: 4180)
Tahta Durumu:
. . . B . . .
. . . . . . .
. . . . . . .
. . . . . . .
. . . . . . .
. . . . . . .
. . . W . . .
------------------------------------------------

Hamle #2
Oyuncu: İnsan (Human)
Taş Hamlesi: (5, 3)
Engel: (1, 4)
Strateji: İnsan oyuncu hamlesi - Kazanma olasılığı: %70.0
Tahta Durumu:
X . . . B . .
. . . . X . .
. . . . . . .
. . . . . . .
. . . . . . .
. . . W . . .
. . . . . . .
------------------------------------------------

Hamle #3
Oyuncu: AI (B)
Taş Hamlesi: (1, 3)
Engel: (4, 2)
Strateji: Hard-ML: Öğrenilen bilgileri kullanma (Değer: 0.05, Öğrenilen toplam durum: 4180)
Tahta Durumu:
X . . . B . .
. . . . X . .
. . . . . . .
. . . . . . .
. . . . . . .
. . . W . . .
. . . . . . .
------------------------------------------------

Hamle #4
Oyuncu: İnsan (Human)
Taş Hamlesi: (4, 3)
Engel: (2, 3)
Strateji: İnsan oyuncu hamlesi - Kazanma olasılığı: %53.3
Tahta Durumu:
X . . . . . .
. . . B X . .
. . . X . . .
. . . . . . .
. . X W . . .
. . . . . . .
. . . . . . .
------------------------------------------------

Hamle #5
Oyuncu: AI (B)
Taş Hamlesi: (0, 3)
Engel: (0, 1)
Strateji: Hard-ML: Öğrenilen bilgileri kullanma (Değer: 331.81, Öğrenilen toplam durum: 4180)
Tahta Durumu:
X . . . . . .
. . . B X . .
. . . X . . .
. . . . . . .
. . X W . . .
. . . . . . .
. . . . . . .
------------------------------------------------
