Abluka AI Log - 2025-04-07 10:57:44
Mod (Difficulty): hard
------------------------------------------------

Hamle #1
Oyuncu: AI (B)
Taş Hamlesi: (1, 3)
Engel: (5, 2)
Strateji: ML => Q + heuristic exploit => 0.04 (Q:0.00), Qsize=0
Tahta Durumu:
. . . B . . .
. . . . . . .
. . . . . . .
. . . . . . .
. . . . . . .
. . . . . . .
. . . W . . .
------------------------------------------------

Hamle #2
Oyuncu: İnsan (Human)
Taş Hamlesi: (5, 3)
Engel: (2, 3)
Strateji: İnsan oyuncu hamlesi - Kazanma olasılığı: %50.0
Tahta Durumu:
. . . . . . .
. . . B . . .
. . . X . . .
. . . . . . .
. . . . . . .
. . X W . . .
. . . . . . .
------------------------------------------------

Hamle #3
Oyuncu: AI (B)
Taş Hamlesi: (2, 2)
Engel: (4, 2)
Strateji: ML => Q + heuristic exploit => 0.03 (Q:0.00), Qsize=0
Tahta Durumu:
. . . . . . .
. . . B . . .
. . . X . . .
. . . . . . .
. . . . . . .
. . X W . . .
. . . . . . .
------------------------------------------------

Hamle #4
Oyuncu: İnsan (Human)
Taş Hamlesi: (4, 3)
Engel: (3, 2)
Strateji: İnsan oyuncu hamlesi - Kazanma olasılığı: %46.7
Tahta Durumu:
. . . . . . .
. . . . . . .
. . B X . . .
. . X . . . .
. . X W . . .
. . X . . . .
. . . . . . .
------------------------------------------------

Hamle #5
Oyuncu: AI (B)
Taş Hamlesi: (1, 1)
Engel: (3, 3)
Strateji: ML => Q + heuristic exploit => 0.04 (Q:0.00), Qsize=0
Tahta Durumu:
. . . . . . .
. . . . . . .
. . B X . . .
. . X . . . .
. . X W . . .
. . X . . . .
. . . . . . .
------------------------------------------------

Hamle #6
Oyuncu: İnsan (Human)
Taş Hamlesi: (3, 4)
Engel: (1, 0)
Strateji: İnsan oyuncu hamlesi - Kazanma olasılığı: %47.1
Tahta Durumu:
. . . . . . .
X B . . . . .
. . . X . . .
. . X X W . .
. . X . . . .
. . X . . . .
. . . . . . .
------------------------------------------------

Hamle #7
Oyuncu: AI (B)
Taş Hamlesi: (1, 2)
Engel: (2, 4)
Strateji: ML => Q + heuristic exploit => 0.03 (Q:0.00), Qsize=0
Tahta Durumu:
. . . . . . .
X B . . . . .
. . . X . . .
. . X X W . .
. . X . . . .
. . X . . . .
. . . . . . .
------------------------------------------------

Hamle #8
Oyuncu: İnsan (Human)
Taş Hamlesi: (4, 3)
Engel: (1, 1)
Strateji: İnsan oyuncu hamlesi - Kazanma olasılığı: %43.3
Tahta Durumu:
. . . . . . .
X X B . . . .
. . . X X . .
. . X X . . .
. . X W . . .
. . X . . . .
. . . . . . .
------------------------------------------------

Hamle #9
Oyuncu: AI (B)
Taş Hamlesi: (1, 3)
Engel: (0, 1)
Strateji: ML => Q + heuristic exploit => 0.04 (Q:0.00), Qsize=0
Tahta Durumu:
. . . . . . .
X X B . . . .
. . . X X . .
. . X X . . .
. . X W . . .
. . X . . . .
. . . . . . .
------------------------------------------------
