Abluka AI Log - 2025-03-29 02:32:08
Mod (Difficulty): hard
------------------------------------------------

Hamle #1
Oyuncu: İnsan (Human)
Taş Hamlesi: (1, 3)
Engel: (5, 3)
Strateji: İnsan oyuncu hamlesi - Kazanma olasılığı: %70.0
Tahta Durumu:
. . . . . . .
. . . B . . .
. . . . . . .
. . . . . . .
. . . . . . .
. . . X . . .
. . . W . . .
------------------------------------------------

Hamle #2
Oyuncu: AI (W)
Taş Hamlesi: (5, 2)
Engel: (0, 2)
Strateji: Hard-ML: Öğrenilen bilgileri kullanma (Değer: 0.04, Öğrenilen toplam durum: 47)
Tahta Durumu:
. . . . . . .
. . . B . . .
. . . . . . .
. . . . . . .
. . . . . . .
. . . X . . .
. . . W . . .
------------------------------------------------

Hamle #3
Oyuncu: İnsan (Human)
Taş Hamlesi: (2, 2)
Engel: (4, 2)
Strateji: İnsan oyuncu hamlesi - Kazanma olasılığı: %56.7
Tahta Durumu:
. . X . . . .
. . . . . . .
. . B . . . .
. . . . . . .
. . X . . . .
. . W X . . .
. . . . . . .
------------------------------------------------

Hamle #4
Oyuncu: AI (W)
Taş Hamlesi: (4, 1)
Engel: (1, 1)
Strateji: Hard-ML: Öğrenilen bilgileri kullanma (Değer: 0.04, Öğrenilen toplam durum: 48)
Tahta Durumu:
. . X . . . .
. . . . . . .
. . B . . . .
. . . . . . .
. . X . . . .
. . W X . . .
. . . . . . .
------------------------------------------------

Hamle #5
Oyuncu: İnsan (Human)
Taş Hamlesi: (3, 1)
Engel: (3, 2)
Strateji: İnsan oyuncu hamlesi - Kazanma olasılığı: %50.0
Tahta Durumu:
. . X . . . .
. X . . . . .
. . . . . . .
. B X . . . .
. W X . . . .
. . . X . . .
. . . . . . .
------------------------------------------------

Hamle #6
Oyuncu: AI (W)
Taş Hamlesi: (5, 1)
Engel: (2, 0)
Strateji: Hard-ML: Öğrenilen bilgileri kullanma (Değer: 0.06, Öğrenilen toplam durum: 49)
Tahta Durumu:
. . X . . . .
. X . . . . .
. . . . . . .
. B X . . . .
. W X . . . .
. . . X . . .
. . . . . . .
------------------------------------------------

Hamle #7
Oyuncu: İnsan (Human)
Taş Hamlesi: (4, 1)
Engel: (4, 0)
Strateji: İnsan oyuncu hamlesi - Kazanma olasılığı: %46.0
Tahta Durumu:
. . X . . . .
. X . . . . .
X . . . . . .
. . X . . . .
X B X . . . .
. W . X . . .
. . . . . . .
------------------------------------------------

Hamle #8
Oyuncu: AI (W)
Taş Hamlesi: (5, 2)
Engel: (3, 0)
Strateji: Hard-ML: Öğrenilen bilgileri kullanma (Değer: 0.06, Öğrenilen toplam durum: 50)
Tahta Durumu:
. . X . . . .
. X . . . . .
X . . . . . .
. . X . . . .
X B X . . . .
. W . X . . .
. . . . . . .
------------------------------------------------

Hamle #9
Oyuncu: İnsan (Human)
Taş Hamlesi: (3, 1)
Engel: (4, 1)
Strateji: İnsan oyuncu hamlesi - Kazanma olasılığı: %38.0
Tahta Durumu:
. . X . . . .
. X . . . . .
X . . . . . .
X B X . . . .
X X X . . . .
. . W X . . .
. . . . . . .
------------------------------------------------

Hamle #10
Oyuncu: AI (W)
Taş Hamlesi: (4, 3)
Engel: (6, 3)
Strateji: Hard-ML: Öğrenilen bilgileri kullanma (Değer: 0.22, Öğrenilen toplam durum: 51)
Tahta Durumu:
. . X . . . .
. X . . . . .
X . . . . . .
X B X . . . .
X X X . . . .
. . W X . . .
. . . . . . .
------------------------------------------------

Hamle #11
Oyuncu: İnsan (Human)
Taş Hamlesi: (2, 2)
Engel: (3, 3)
Strateji: İnsan oyuncu hamlesi - Kazanma olasılığı: %55.0
Tahta Durumu:
. . X . . . .
. X . . . . .
X . B . . . .
X . X X . . .
X X X W . . .
. . . X . . .
. . . X . . .
------------------------------------------------

Hamle #12
Oyuncu: AI (W)
Taş Hamlesi: (3, 4)
Engel: (4, 3)
Strateji: Hard-ML: Öğrenilen bilgileri kullanma (Değer: 0.19, Öğrenilen toplam durum: 52)
Tahta Durumu:
. . X . . . .
. X . . . . .
X . B . . . .
X . X X . . .
X X X W . . .
. . . X . . .
. . . X . . .
------------------------------------------------

Hamle #13
Oyuncu: İnsan (Human)
Taş Hamlesi: (2, 3)
Engel: (2, 4)
Strateji: İnsan oyuncu hamlesi - Kazanma olasılığı: %50.0
Tahta Durumu:
. . X . . . .
. X . . . . .
X . . B X . .
X . X X W . .
X X X X . . .
. . . X . . .
. . . X . . .
------------------------------------------------

Hamle #14
Oyuncu: AI (W)
Taş Hamlesi: (4, 5)
Engel: (1, 2)
Strateji: Hard-ML: Öğrenilen bilgileri kullanma (Değer: 0.23, Öğrenilen toplam durum: 53)
Tahta Durumu:
. . X . . . .
. X . . . . .
X . . B X . .
X . X X W . .
X X X X . . .
. . . X . . .
. . . X . . .
------------------------------------------------

Hamle #15
Oyuncu: İnsan (Human)
Taş Hamlesi: (3, 4)
Engel: (3, 5)
Strateji: İnsan oyuncu hamlesi - Kazanma olasılığı: %40.0
Tahta Durumu:
. . X . . . .
. X X . . . .
X . . . X . .
X . X X B X .
X X X X . W .
. . . X . . .
. . . X . . .
------------------------------------------------

Hamle #16
Oyuncu: AI (W)
Taş Hamlesi: (5, 5)
Engel: (2, 2)
Strateji: Hard-ML: Öğrenilen bilgileri kullanma (Değer: 0.36, Öğrenilen toplam durum: 54)
Tahta Durumu:
. . X . . . .
. X X . . . .
X . . . X . .
X . X X B X .
X X X X . W .
. . . X . . .
. . . X . . .
------------------------------------------------

Hamle #17
Oyuncu: İnsan (Human)
Taş Hamlesi: (4, 5)
Engel: (4, 4)
Strateji: İnsan oyuncu hamlesi - Kazanma olasılığı: %46.7
Tahta Durumu:
. . X . . . .
. X X . . . .
X . X . X . .
X . X X . X .
X X X X X B .
. . . X . W .
. . . X . . .
------------------------------------------------

Hamle #18
Oyuncu: AI (W)
Taş Hamlesi: (4, 6)
Engel: (3, 4)
Strateji: Normal => (iterative deepening) Hard mantığı
Tahta Durumu:
. . X . . . .
. X X . . . .
X . X . X . .
X . X X . X .
X X X X X B .
. . . X . W .
. . . X . . .
------------------------------------------------

Hamle #19
Oyuncu: İnsan (Human)
Taş Hamlesi: (3, 6)
Engel: (5, 6)
Strateji: İnsan oyuncu hamlesi - Kazanma olasılığı: %60.0
Tahta Durumu:
. . X . . . .
. X X . . . .
X . X . X . .
X . X X X X B
X X X X X . W
. . . X . . X
. . . X . . .
------------------------------------------------

Hamle #20
Oyuncu: AI (W)
Taş Hamlesi: (5, 5)
Engel: (4, 5)
Strateji: Hard-ML: Öğrenilen bilgileri kullanma (Değer: 0.44, Öğrenilen toplam durum: 55)
Tahta Durumu:
. . X . . . .
. X X . . . .
X . X . X . .
X . X X X X B
X X X X X . W
. . . X . . X
. . . X . . .
------------------------------------------------

Hamle #21
Oyuncu: İnsan (Human)
Taş Hamlesi: (2, 5)
Engel: (4, 6)
Strateji: İnsan oyuncu hamlesi - Kazanma olasılığı: %55.0
Tahta Durumu:
. . X . . . .
. X X . . . .
X . X . X B .
X . X X X X .
X X X X X X X
. . . X . W X
. . . X . . .
------------------------------------------------

Hamle #22
Oyuncu: AI (W)
Taş Hamlesi: (6, 5)
Engel: (0, 0)
Strateji: Easy fallback => random
Tahta Durumu:
. . X . . . .
. X X . . . .
X . X . X B .
X . X X X X .
X X X X X X X
. . . X . W X
. . . X . . .
------------------------------------------------

Hamle #23
Oyuncu: İnsan (Human)
Taş Hamlesi: (1, 4)
Engel: (6, 4)
Strateji: İnsan oyuncu hamlesi - Kazanma olasılığı: %76.7
Tahta Durumu:
X . X . . . .
. X X . B . .
X . X . X . .
X . X X X X .
X X X X X X X
. . . X . . X
. . . X X W .
------------------------------------------------

Hamle #24
Oyuncu: AI (W)
Taş Hamlesi: (6, 6)
Engel: (0, 1)
Strateji: Easy fallback => random
Tahta Durumu:
X . X . . . .
. X X . B . .
X . X . X . .
X . X X X X .
X X X X X X X
. . . X . . X
. . . X X W .
------------------------------------------------

Hamle #25
Oyuncu: İnsan (Human)
Taş Hamlesi: (2, 5)
Engel: (5, 5)
Strateji: İnsan oyuncu hamlesi - Kazanma olasılığı: %90.0
Tahta Durumu:
X X X . . . .
. X X . . . .
X . X . X B .
X . X X X X .
X X X X X X X
. . . X . X X
. . . X X . W
------------------------------------------------

Hamle #26
Oyuncu: AI (W)
Taş Hamlesi: (6, 5)
Engel: (1, 4)
Strateji: Normal => (iterative deepening) Hard mantığı
Tahta Durumu:
X X X . . . .
. X X . . . .
X . X . X B .
X . X X X X .
X X X X X X X
. . . X . X X
. . . X X . W
------------------------------------------------

Hamle #27
Oyuncu: İnsan (Human)
Taş Hamlesi: (1, 5)
Engel: (5, 4)
Strateji: İnsan oyuncu hamlesi - Kazanma olasılığı: %90.0
Tahta Durumu:
X X X . . . .
. X X . X B .
X . X . X . .
X . X X X X .
X X X X X X X
. . . X X X X
. . . X X W .
------------------------------------------------

Hamle #28
Oyuncu: AI (W)
Taş Hamlesi: (6, 6)
Engel: (0, 4)
Strateji: Hard-ML: Öğrenilen bilgileri kullanma (Değer: 0.49, Öğrenilen toplam durum: 56)
Tahta Durumu:
X X X . . . .
. X X . X B .
X . X . X . .
X . X X X X .
X X X X X X X
. . . X X X X
. . . X X W .
------------------------------------------------

Hamle #29
Oyuncu: İnsan (Human)
Taş Hamlesi: (2, 5)
Engel: (6, 5)
Strateji: İnsan oyuncu hamlesi - Kazanma olasılığı: %95.0
Tahta Durumu:
X X X . X . .
. X X . X . .
X . X . X B .
X . X X X X .
X X X X X X X
. . . X X X X
. . . X X X W
------------------------------------------------
