Abluka AI Log - 2025-03-29 02:58:00
Mod (Difficulty): hard
------------------------------------------------

Hamle #1
Oyuncu: İnsan (Human)
Taş Hamlesi: (1, 3)
Engel: (5, 3)
Strateji: İnsan oyuncu hamlesi - Kazanma olasılığı: %70.0
Tahta Durumu:
. . . . . . .
. . . B . . .
. . . . . . .
. . . . . . .
. . . . . . .
. . . X . . .
. . . W . . .
------------------------------------------------

Hamle #2
Oyuncu: AI (W)
Taş Hamlesi: (5, 2)
Engel: (0, 2)
Strateji: Hard-ML: Öğrenilen bilgileri kullanma (Değer: 0.04, Öğrenilen toplam durum: 87)
Tahta Durumu:
. . . . . . .
. . . B . . .
. . . . . . .
. . . . . . .
. . . . . . .
. . . X . . .
. . . W . . .
------------------------------------------------

Hamle #3
Oyuncu: İnsan (Human)
Taş Hamlesi: (2, 2)
Engel: (4, 2)
Strateji: İnsan oyuncu hamlesi - Kazanma olasılığı: %56.7
Tahta Durumu:
. . X . . . .
. . . . . . .
. . B . . . .
. . . . . . .
. . X . . . .
. . W X . . .
. . . . . . .
------------------------------------------------

Hamle #4
Oyuncu: AI (W)
Taş Hamlesi: (4, 1)
Engel: (1, 1)
Strateji: Normal => (iterative deepening) Hard mantığı
Tahta Durumu:
. . X . . . .
. . . . . . .
. . B . . . .
. . . . . . .
. . X . . . .
. . W X . . .
. . . . . . .
------------------------------------------------

Hamle #5
Oyuncu: İnsan (Human)
Taş Hamlesi: (3, 1)
Engel: (3, 3)
Strateji: İnsan oyuncu hamlesi - Kazanma olasılığı: %50.0
Tahta Durumu:
. . X . . . .
. X . . . . .
. . . . . . .
. B . X . . .
. W X . . . .
. . . X . . .
. . . . . . .
------------------------------------------------

Hamle #6
Oyuncu: AI (W)
Taş Hamlesi: (5, 1)
Engel: (2, 0)
Strateji: Hard-ML: Öğrenilen bilgileri kullanma (Değer: 0.05, Öğrenilen toplam durum: 88)
Tahta Durumu:
. . X . . . .
. X . . . . .
. . . . . . .
. B . X . . .
. W X . . . .
. . . X . . .
. . . . . . .
------------------------------------------------

Hamle #7
Oyuncu: İnsan (Human)
Taş Hamlesi: (4, 1)
Engel: (4, 0)
Strateji: İnsan oyuncu hamlesi - Kazanma olasılığı: %50.0
Tahta Durumu:
. . X . . . .
. X . . . . .
X . . . . . .
. . . X . . .
X B X . . . .
. W . X . . .
. . . . . . .
------------------------------------------------

Hamle #8
Oyuncu: AI (W)
Taş Hamlesi: (5, 2)
Engel: (3, 0)
Strateji: Hard-ML: Öğrenilen bilgileri kullanma (Değer: 0.05, Öğrenilen toplam durum: 88)
Tahta Durumu:
. . X . . . .
. X . . . . .
X . . . . . .
. . . X . . .
X B X . . . .
. W . X . . .
. . . . . . .
------------------------------------------------

Hamle #9
Oyuncu: İnsan (Human)
Taş Hamlesi: (3, 2)
Engel: (4, 3)
Strateji: İnsan oyuncu hamlesi - Kazanma olasılığı: %50.0
Tahta Durumu:
. . X . . . .
. X . . . . .
X . . . . . .
X . B X . . .
X . X X . . .
. . W X . . .
. . . . . . .
------------------------------------------------

Hamle #10
Oyuncu: AI (W)
Taş Hamlesi: (6, 3)
Engel: (4, 1)
Strateji: Hard-ML: Öğrenilen bilgileri kullanma (Değer: 0.19, Öğrenilen toplam durum: 89)
Tahta Durumu:
. . X . . . .
. X . . . . .
X . . . . . .
X . B X . . .
X . X X . . .
. . W X . . .
. . . . . . .
------------------------------------------------

Hamle #11
Oyuncu: İnsan (Human)
Taş Hamlesi: (2, 3)
Engel: (5, 4)
Strateji: İnsan oyuncu hamlesi - Kazanma olasılığı: %76.7
Tahta Durumu:
. . X . . . .
. X . . . . .
X . . B . . .
X . . X . . .
X X X X . . .
. . . X X . .
. . . W . . .
------------------------------------------------

Hamle #12
Oyuncu: AI (W)
Taş Hamlesi: (6, 4)
Engel: (1, 2)
Strateji: Hard-ML: Öğrenilen bilgileri kullanma (Değer: 0.19, Öğrenilen toplam durum: 90)
Tahta Durumu:
. . X . . . .
. X . . . . .
X . . B . . .
X . . X . . .
X X X X . . .
. . . X X . .
. . . W . . .
------------------------------------------------

Hamle #13
Oyuncu: İnsan (Human)
Taş Hamlesi: (3, 4)
Engel: (4, 5)
Strateji: İnsan oyuncu hamlesi - Kazanma olasılığı: %63.3
Tahta Durumu:
. . X . . . .
. X X . . . .
X . . . . . .
X . . X B . .
X X X X . X .
. . . X X . .
. . . . W . .
------------------------------------------------

Hamle #14
Oyuncu: AI (W)
Taş Hamlesi: (5, 5)
Engel: (4, 6)
Strateji: Hard-ML: Öğrenilen bilgileri kullanma (Değer: 0.33, Öğrenilen toplam durum: 91)
Tahta Durumu:
. . X . . . .
. X X . . . .
X . . . . . .
X . . X B . .
X X X X . X .
. . . X X . .
. . . . W . .
------------------------------------------------

Hamle #15
Oyuncu: İnsan (Human)
Taş Hamlesi: (4, 4)
Engel: (5, 6)
Strateji: İnsan oyuncu hamlesi - Kazanma olasılığı: %43.3
Tahta Durumu:
. . X . . . .
. X X . . . .
X . . . . . .
X . . X . . .
X X X X B X X
. . . X X W X
. . . . . . .
------------------------------------------------

Hamle #16
Oyuncu: AI (W)
Taş Hamlesi: (6, 4)
Engel: (2, 1)
Strateji: Hard-ML: Öğrenilen bilgileri kullanma (Değer: 0.25, Öğrenilen toplam durum: 92)
Tahta Durumu:
. . X . . . .
. X X . . . .
X . . . . . .
X . . X . . .
X X X X B X X
. . . X X W X
. . . . . . .
------------------------------------------------

Hamle #17
Oyuncu: İnsan (Human)
Taş Hamlesi: (5, 5)
Engel: (6, 3)
Strateji: İnsan oyuncu hamlesi - Kazanma olasılığı: %90.0
Tahta Durumu:
. . X . . . .
. X X . . . .
X X . . . . .
X . . X . . .
X X X X . X X
. . . X X B X
. . . X W . .
------------------------------------------------

Hamle #18
Oyuncu: AI (W)
Taş Hamlesi: (6, 5)
Engel: (4, 4)
Strateji: Normal => (iterative deepening) Hard mantığı
Tahta Durumu:
. . X . . . .
. X X . . . .
X X . . . . .
X . . X . . .
X X X X . X X
. . . X X B X
. . . X W . .
------------------------------------------------

Hamle #19
Oyuncu: İnsan (Human)
Taş Hamlesi: (6, 4)
Engel: (5, 5)
Strateji: İnsan oyuncu hamlesi - Kazanma olasılığı: %5.0
Tahta Durumu:
. . X . . . .
. X X . . . .
X X . . . . .
X . . X . . .
X X X X X X X
. . . X X X X
. . . X B W .
------------------------------------------------

Hamle #20
Oyuncu: AI (W)
Taş Hamlesi: (6, 6)
Engel: (0, 0)
Strateji: Hard-ML: Keşif sırasında abluka!
Tahta Durumu:
. . X . . . .
. X X . . . .
X X . . . . .
X . . X . . .
X X X X X X X
. . . X X X X
. . . X B W .
------------------------------------------------

Hamle #21
Oyuncu: İnsan (Human)
Taş Hamlesi: (6, 5)
Engel: (6, 4)
Strateji: İnsan oyuncu hamlesi - Kazanma olasılığı: %5.0
Tahta Durumu:
X . X . . . .
. X X . . . .
X X . . . . .
X . . X . . .
X X X X X X X
. . . X X X X
. . . X X B W
------------------------------------------------
