Abluka AI Log - 2025-04-08 10:50:31
Mod (Difficulty): normal
------------------------------------------------

Hamle #1
Oyuncu: İnsan (Human)
Taş Hamlesi: (1, 3)
Engel: (5, 3)
Strateji: İnsan oyuncu hamlesi - Kazanma olasılığı: %70.0
Tahta Durumu:
. . . . . . .
. . . B . . .
. . . . . . .
. . . . . . .
. . . . . . .
. . . X . . .
. . . W . . .
------------------------------------------------

Hamle #2
Oyuncu: AI (W)
Taş Hamlesi: (5, 2)
Engel: (0, 2)
Strateji: Normal => Iterative deepening
Tahta Durumu:
. . . . . . .
. . . B . . .
. . . . . . .
. . . . . . .
. . . . . . .
. . . X . . .
. . . W . . .
------------------------------------------------

Hamle #3
Oyuncu: İnsan (Human)
Taş Hamlesi: (2, 2)
Engel: (4, 2)
Strateji: İnsan oyuncu hamlesi - Kazanma olasılığı: %56.7
Tahta Durumu:
. . X . . . .
. . . . . . .
. . B . . . .
. . . . . . .
. . X . . . .
. . W X . . .
. . . . . . .
------------------------------------------------

Hamle #4
Oyuncu: AI (W)
Taş Hamlesi: (4, 1)
Engel: (1, 1)
Strateji: Normal => Iterative deepening
Tahta Durumu:
. . X . . . .
. . . . . . .
. . B . . . .
. . . . . . .
. . X . . . .
. . W X . . .
. . . . . . .
------------------------------------------------

Hamle #5
Oyuncu: İnsan (Human)
Taş Hamlesi: (2, 1)
Engel: (3, 1)
Strateji: İnsan oyuncu hamlesi - Kazanma olasılığı: %50.0
Tahta Durumu:
. . X . . . .
. X . . . . .
. B . . . . .
. X . . . . .
. W X . . . .
. . . X . . .
. . . . . . .
------------------------------------------------

Hamle #6
Oyuncu: AI (W)
Taş Hamlesi: (3, 0)
Engel: (1, 0)
Strateji: Normal => Iterative deepening
Tahta Durumu:
. . X . . . .
. X . . . . .
. B . . . . .
. X . . . . .
. W X . . . .
. . . X . . .
. . . . . . .
------------------------------------------------

Hamle #7
Oyuncu: İnsan (Human)
Taş Hamlesi: (3, 2)
Engel: (2, 1)
Strateji: İnsan oyuncu hamlesi - Kazanma olasılığı: %63.3
Tahta Durumu:
. . X . . . .
X X . . . . .
. X . . . . .
W X B . . . .
. . X . . . .
. . . X . . .
. . . . . . .
------------------------------------------------

Hamle #8
Oyuncu: AI (W)
Taş Hamlesi: (4, 0)
Engel: (4, 1)
Strateji: Normal => Iterative deepening
Tahta Durumu:
. . X . . . .
X X . . . . .
. X . . . . .
W X B . . . .
. . X . . . .
. . . X . . .
. . . . . . .
------------------------------------------------

Hamle #9
Oyuncu: İnsan (Human)
Taş Hamlesi: (4, 3)
Engel: (5, 2)
Strateji: İnsan oyuncu hamlesi - Kazanma olasılığı: %63.3
Tahta Durumu:
. . X . . . .
X X . . . . .
. X . . . . .
. X . . . . .
W X X B . . .
. . X X . . .
. . . . . . .
------------------------------------------------

Hamle #10
Oyuncu: AI (W)
Taş Hamlesi: (5, 0)
Engel: (1, 2)
Strateji: Normal => Iterative deepening
Tahta Durumu:
. . X . . . .
X X . . . . .
. X . . . . .
. X . . . . .
W X X B . . .
. . X X . . .
. . . . . . .
------------------------------------------------

Hamle #11
Oyuncu: İnsan (Human)
Taş Hamlesi: (3, 3)
Engel: (6, 1)
Strateji: İnsan oyuncu hamlesi - Kazanma olasılığı: %76.7
Tahta Durumu:
. . X . . . .
X X X . . . .
. X . . . . .
. X . B . . .
. X X . . . .
W . X X . . .
. X . . . . .
------------------------------------------------

Hamle #12
Oyuncu: AI (W)
Taş Hamlesi: (4, 0)
Engel: (0, 0)
Strateji: Easy => fallback random
Tahta Durumu:
. . X . . . .
X X X . . . .
. X . . . . .
. X . B . . .
. X X . . . .
W . X X . . .
. X . . . . .
------------------------------------------------

Hamle #13
Oyuncu: İnsan (Human)
Taş Hamlesi: (4, 4)
Engel: (5, 1)
Strateji: İnsan oyuncu hamlesi - Kazanma olasılığı: %90.0
Tahta Durumu:
X . X . . . .
X X X . . . .
. X . . . . .
. X . . . . .
W X X . B . .
. X X X . . .
. X . . . . .
------------------------------------------------

Hamle #14
Oyuncu: AI (W)
Taş Hamlesi: (3, 0)
Engel: (3, 3)
Strateji: Normal => Iterative deepening
Tahta Durumu:
X . X . . . .
X X X . . . .
. X . . . . .
. X . . . . .
W X X . B . .
. X X X . . .
. X . . . . .
------------------------------------------------

Hamle #15
Oyuncu: İnsan (Human)
Taş Hamlesi: (3, 4)
Engel: (4, 0)
Strateji: İnsan oyuncu hamlesi - Kazanma olasılığı: %90.0
Tahta Durumu:
X . X . . . .
X X X . . . .
. X . . . . .
W X . X B . .
X X X . . . .
. X X X . . .
. X . . . . .
------------------------------------------------

Hamle #16
Oyuncu: AI (W)
Taş Hamlesi: (2, 0)
Engel: (2, 3)
Strateji: Normal => Iterative deepening
Tahta Durumu:
X . X . . . .
X X X . . . .
. X . . . . .
W X . X B . .
X X X . . . .
. X X X . . .
. X . . . . .
------------------------------------------------

Hamle #17
Oyuncu: İnsan (Human)
Taş Hamlesi: (2, 4)
Engel: (3, 0)
Strateji: İnsan oyuncu hamlesi - Kazanma olasılığı: %95.0
Tahta Durumu:
X . X . . . .
X X X . . . .
W X . X B . .
X X . X . . .
X X X . . . .
. X X X . . .
. X . . . . .
------------------------------------------------
