Abluka AI Log - 2025-04-10 12:48:44
Mod (Difficulty): hard
------------------------------------------------

Hamle #1
Oyuncu: İnsan (Human)
Taş Hamlesi: (1, 3)
Engel: (5, 3)
Strateji: İnsan oyuncu hamlesi - Kazanma olasılığı: %70.0
Tahta Durumu:
. . . . . . .
. . . B . . .
. . . . . . .
. . . . . . .
. . . . . . .
. . . X . . .
. . . W . . .
------------------------------------------------

Hamle #2
Oyuncu: AI (W)
Taş Hamlesi: (5, 2)
Engel: (0, 2)
Strateji: ML => Q + heuristic exploit => 0.02 (Q:0.00), Qsize=12
Tahta Durumu:
. . . . . . .
. . . B . . .
. . . . . . .
. . . . . . .
. . . . . . .
. . . X . . .
. . . W . . .
------------------------------------------------

Hamle #3
Oyuncu: İnsan (Human)
Taş Hamlesi: (2, 3)
Engel: (4, 2)
Strateji: İnsan oyuncu hamlesi - Kazanma olasılığı: %56.7
Tahta Durumu:
. . X . . . .
. . . . . . .
. . . B . . .
. . . . . . .
. . X . . . .
. . W X . . .
. . . . . . .
------------------------------------------------

Hamle #4
Oyuncu: AI (W)
Taş Hamlesi: (4, 1)
Engel: (1, 2)
Strateji: ML => Q + heuristic exploit => 0.02 (Q:0.00), Qsize=12
Tahta Durumu:
. . X . . . .
. . . . . . .
. . . B . . .
. . . . . . .
. . X . . . .
. . W X . . .
. . . . . . .
------------------------------------------------

Hamle #5
Oyuncu: İnsan (Human)
Taş Hamlesi: (2, 2)
Engel: (3, 2)
Strateji: İnsan oyuncu hamlesi - Kazanma olasılığı: %50.0
Tahta Durumu:
. . X . . . .
. . X . . . .
. . B . . . .
. . X . . . .
. W X . . . .
. . . X . . .
. . . . . . .
------------------------------------------------

Hamle #6
Oyuncu: AI (W)
Taş Hamlesi: (5, 1)
Engel: (1, 1)
Strateji: ML => Q + heuristic exploit => 0.03 (Q:0.00), Qsize=12
Tahta Durumu:
. . X . . . .
. . X . . . .
. . B . . . .
. . X . . . .
. W X . . . .
. . . X . . .
. . . . . . .
------------------------------------------------

Hamle #7
Oyuncu: İnsan (Human)
Taş Hamlesi: (3, 3)
Engel: (5, 2)
Strateji: İnsan oyuncu hamlesi - Kazanma olasılığı: %50.0
Tahta Durumu:
. . X . . . .
. X X . . . .
. . . . . . .
. . X B . . .
. . X . . . .
. W X X . . .
. . . . . . .
------------------------------------------------

Hamle #8
Oyuncu: AI (W)
Taş Hamlesi: (6, 2)
Engel: (2, 2)
Strateji: ML => Q + heuristic exploit => 0.16 (Q:0.00), Qsize=12
Tahta Durumu:
. . X . . . .
. X X . . . .
. . . . . . .
. . X B . . .
. . X . . . .
. W X X . . .
. . . . . . .
------------------------------------------------

Hamle #9
Oyuncu: İnsan (Human)
Taş Hamlesi: (4, 3)
Engel: (6, 1)
Strateji: İnsan oyuncu hamlesi - Kazanma olasılığı: %70.0
Tahta Durumu:
. . X . . . .
. X X . . . .
. . X . . . .
. . X . . . .
. . X B . . .
. . X X . . .
. X W . . . .
------------------------------------------------

Hamle #10
Oyuncu: AI (W)
Taş Hamlesi: (6, 3)
Engel: (3, 3)
Strateji: ML => Q + heuristic exploit => 0.18 (Q:0.00), Qsize=12
Tahta Durumu:
. . X . . . .
. X X . . . .
. . X . . . .
. . X . . . .
. . X B . . .
. . X X . . .
. X W . . . .
------------------------------------------------

Hamle #11
Oyuncu: İnsan (Human)
Taş Hamlesi: (4, 4)
Engel: (5, 4)
Strateji: İnsan oyuncu hamlesi - Kazanma olasılığı: %80.0
Tahta Durumu:
. . X . . . .
. X X . . . .
. . X . . . .
. . X X . . .
. . X . B . .
. . X X X . .
. X . W . . .
------------------------------------------------

Hamle #12
Oyuncu: AI (W)
Taş Hamlesi: (6, 4)
Engel: (3, 5)
Strateji: ML => Q + heuristic exploit => 0.20 (Q:0.00), Qsize=12
Tahta Durumu:
. . X . . . .
. X X . . . .
. . X . . . .
. . X X . . .
. . X . B . .
. . X X X . .
. X . W . . .
------------------------------------------------

Hamle #13
Oyuncu: İnsan (Human)
Taş Hamlesi: (4, 5)
Engel: (6, 5)
Strateji: İnsan oyuncu hamlesi - Kazanma olasılığı: %90.0
Tahta Durumu:
. . X . . . .
. X X . . . .
. . X . . . .
. . X X . X .
. . X . . B .
. . X X X . .
. X . . W X .
------------------------------------------------

Hamle #14
Oyuncu: AI (W)
Taş Hamlesi: (5, 5)
Engel: (5, 6)
Strateji: ML => Q + heuristic exploit => 0.23 (Q:0.00), Qsize=12
Tahta Durumu:
. . X . . . .
. X X . . . .
. . X . . . .
. . X X . X .
. . X . . B .
. . X X X . .
. X . . W X .
------------------------------------------------

Hamle #15
Oyuncu: İnsan (Human)
Taş Hamlesi: (4, 6)
Engel: (4, 5)
Strateji: İnsan oyuncu hamlesi - Kazanma olasılığı: %36.7
Tahta Durumu:
. . X . . . .
. X X . . . .
. . X . . . .
. . X X . X .
. . X . . X B
. . X X X W X
. X . . . X .
------------------------------------------------

Hamle #16
Oyuncu: AI (W)
Taş Hamlesi: (4, 4)
Engel: (3, 6)
Strateji: ML => Q + heuristic exploit => 0.22 (Q:0.00), Qsize=12
Tahta Durumu:
. . X . . . .
. X X . . . .
. . X . . . .
. . X X . X .
. . X . . X B
. . X X X W X
. X . . . X .
------------------------------------------------

Hamle #17
Oyuncu: İnsan (Human)
Taş Hamlesi: (5, 5)
Engel: (3, 4)
Strateji: İnsan oyuncu hamlesi - Kazanma olasılığı: %90.0
Tahta Durumu:
. . X . . . .
. X X . . . .
. . X . . . .
. . X X X X X
. . X . W X .
. . X X X B X
. X . . . X .
------------------------------------------------

Hamle #18
Oyuncu: AI (W)
Taş Hamlesi: (4, 3)
Engel: (6, 4)
Strateji: ML => Q + heuristic exploit => 0.34 (Q:0.00), Qsize=12
Tahta Durumu:
. . X . . . .
. X X . . . .
. . X . . . .
. . X X X X X
. . X . W X .
. . X X X B X
. X . . . X .
------------------------------------------------

Hamle #19
Oyuncu: İnsan (Human)
Taş Hamlesi: (4, 6)
Engel: (4, 4)
Strateji: İnsan oyuncu hamlesi - Kazanma olasılığı: %95.0
Tahta Durumu:
. . X . . . .
. X X . . . .
. . X . . . .
. . X X X X X
. . X W X X B
. . X X X . X
. X . . X X .
------------------------------------------------
