Abluka AI Log - 2025-03-29 13:58:41
Mod (Difficulty): normal
------------------------------------------------

Hamle #1
Oyuncu: İnsan (Human)
Taş Hamlesi: (1, 3)
Engel: (5, 3)
Strateji: İnsan oyuncu hamlesi - Kazanma olasılığı: %70.0
Tahta Durumu:
. . . . . . .
. . . B . . .
. . . . . . .
. . . . . . .
. . . . . . .
. . . X . . .
. . . W . . .
------------------------------------------------

Hamle #2
Oyuncu: AI (W)
Taş Hamlesi: (5, 2)
Engel: (0, 2)
Strateji: Normal => (iterative deepening) Hard mantığı
Tahta Durumu:
. . . . . . .
. . . B . . .
. . . . . . .
. . . . . . .
. . . . . . .
. . . X . . .
. . . W . . .
------------------------------------------------

Hamle #3
Oyuncu: İnsan (Human)
Taş Hamlesi: (2, 3)
Engel: (4, 2)
Strateji: İnsan oyuncu hamlesi - Kazanma olasılığı: %56.7
Tahta Durumu:
. . X . . . .
. . . . . . .
. . . B . . .
. . . . . . .
. . X . . . .
. . W X . . .
. . . . . . .
------------------------------------------------

Hamle #4
Oyuncu: AI (W)
Taş Hamlesi: (4, 1)
Engel: (1, 2)
Strateji: Normal => (iterative deepening) Hard mantığı
Tahta Durumu:
. . X . . . .
. . . . . . .
. . . B . . .
. . . . . . .
. . X . . . .
. . W X . . .
. . . . . . .
------------------------------------------------

Hamle #5
Oyuncu: İnsan (Human)
Taş Hamlesi: (3, 2)
Engel: (3, 1)
Strateji: İnsan oyuncu hamlesi - Kazanma olasılığı: %50.0
Tahta Durumu:
. . X . . . .
. . X . . . .
. . . . . . .
. X B . . . .
. W X . . . .
. . . X . . .
. . . . . . .
------------------------------------------------

Hamle #6
Oyuncu: AI (W)
Taş Hamlesi: (3, 0)
Engel: (2, 1)
Strateji: Normal => (iterative deepening) Hard mantığı
Tahta Durumu:
. . X . . . .
. . X . . . .
. . . . . . .
. X B . . . .
. W X . . . .
. . . X . . .
. . . . . . .
------------------------------------------------

Hamle #7
Oyuncu: İnsan (Human)
Taş Hamlesi: (4, 1)
Engel: (4, 0)
Strateji: İnsan oyuncu hamlesi - Kazanma olasılığı: %90.0
Tahta Durumu:
. . X . . . .
. . X . . . .
. X . . . . .
W X . . . . .
X B X . . . .
. . . X . . .
. . . . . . .
------------------------------------------------

Hamle #8
Oyuncu: AI (W)
Taş Hamlesi: (2, 0)
Engel: (0, 0)
Strateji: Easy fallback => random
Tahta Durumu:
. . X . . . .
. . X . . . .
. X . . . . .
W X . . . . .
X B X . . . .
. . . X . . .
. . . . . . .
------------------------------------------------

Hamle #9
Oyuncu: İnsan (Human)
Taş Hamlesi: (3, 2)
Engel: (1, 1)
Strateji: İnsan oyuncu hamlesi - Kazanma olasılığı: %80.0
Tahta Durumu:
X . X . . . .
. X X . . . .
W X . . . . .
. X B . . . .
X . X . . . .
. . . X . . .
. . . . . . .
------------------------------------------------

Hamle #10
Oyuncu: AI (W)
Taş Hamlesi: (1, 0)
Engel: (2, 2)
Strateji: Normal => (iterative deepening) Hard mantığı
Tahta Durumu:
X . X . . . .
. X X . . . .
W X . . . . .
. X B . . . .
X . X . . . .
. . . X . . .
. . . . . . .
------------------------------------------------

Hamle #11
Oyuncu: İnsan (Human)
Taş Hamlesi: (3, 3)
Engel: (2, 0)
Strateji: İnsan oyuncu hamlesi - Kazanma olasılığı: %90.0
Tahta Durumu:
X . X . . . .
W X X . . . .
X X X . . . .
. X . B . . .
X . X . . . .
. . . X . . .
. . . . . . .
------------------------------------------------

Hamle #12
Oyuncu: AI (W)
Taş Hamlesi: (0, 1)
Engel: (2, 3)
Strateji: Normal => (iterative deepening) Hard mantığı
Tahta Durumu:
X . X . . . .
W X X . . . .
X X X . . . .
. X . B . . .
X . X . . . .
. . . X . . .
. . . . . . .
------------------------------------------------

Hamle #13
Oyuncu: İnsan (Human)
Taş Hamlesi: (3, 4)
Engel: (1, 0)
Strateji: İnsan oyuncu hamlesi - Kazanma olasılığı: %95.0
Tahta Durumu:
X W X . . . .
X X X . . . .
X X X X . . .
. X . . B . .
X . X . . . .
. . . X . . .
. . . . . . .
------------------------------------------------
