Abluka AI Log - 2025-03-29 02:29:17
Mod (Difficulty): hard
------------------------------------------------

Hamle #1
Oyuncu: İnsan (Human)
Taş Hamlesi: (1, 3)
Engel: (5, 3)
Strateji: İnsan oyuncu hamlesi - Kazanma olasılığı: %70.0
Tahta Durumu:
. . . . . . .
. . . B . . .
. . . . . . .
. . . . . . .
. . . . . . .
. . . X . . .
. . . W . . .
------------------------------------------------

Hamle #2
Oyuncu: AI (W)
Taş Hamlesi: (5, 2)
Engel: (0, 2)
Strateji: Normal => (iterative deepening) Hard mantığı
Tahta Durumu:
. . . . . . .
. . . B . . .
. . . . . . .
. . . . . . .
. . . . . . .
. . . X . . .
. . . W . . .
------------------------------------------------

Hamle #3
Oyuncu: İnsan (Human)
Taş Hamlesi: (2, 3)
Engel: (4, 2)
Strateji: İnsan oyuncu hamlesi - Kazanma olasılığı: %56.7
Tahta Durumu:
. . X . . . .
. . . . . . .
. . . B . . .
. . . . . . .
. . X . . . .
. . W X . . .
. . . . . . .
------------------------------------------------

Hamle #4
Oyuncu: AI (W)
Taş Hamlesi: (4, 1)
Engel: (1, 2)
Strateji: Normal => (iterative deepening) Hard mantığı
Tahta Durumu:
. . X . . . .
. . . . . . .
. . . B . . .
. . . . . . .
. . X . . . .
. . W X . . .
. . . . . . .
------------------------------------------------

Hamle #5
Oyuncu: İnsan (Human)
Taş Hamlesi: (3, 2)
Engel: (3, 1)
Strateji: İnsan oyuncu hamlesi - Kazanma olasılığı: %50.0
Tahta Durumu:
. . X . . . .
. . X . . . .
. . . . . . .
. X B . . . .
. W X . . . .
. . . X . . .
. . . . . . .
------------------------------------------------

Hamle #6
Oyuncu: AI (W)
Taş Hamlesi: (5, 1)
Engel: (2, 1)
Strateji: Hard-ML: Öğrenilen bilgileri kullanma (Değer: 0.06, Öğrenilen toplam durum: 40)
Tahta Durumu:
. . X . . . .
. . X . . . .
. . . . . . .
. X B . . . .
. W X . . . .
. . . X . . .
. . . . . . .
------------------------------------------------

Hamle #7
Oyuncu: İnsan (Human)
Taş Hamlesi: (4, 3)
Engel: (4, 1)
Strateji: İnsan oyuncu hamlesi - Kazanma olasılığı: %50.0
Tahta Durumu:
. . X . . . .
. . X . . . .
. X . . . . .
. X . . . . .
. X X B . . .
. W . X . . .
. . . . . . .
------------------------------------------------

Hamle #8
Oyuncu: AI (W)
Taş Hamlesi: (4, 0)
Engel: (3, 2)
Strateji: Normal => (iterative deepening) Hard mantığı
Tahta Durumu:
. . X . . . .
. . X . . . .
. X . . . . .
. X . . . . .
. X X B . . .
. W . X . . .
. . . . . . .
------------------------------------------------

Hamle #9
Oyuncu: İnsan (Human)
Taş Hamlesi: (3, 3)
Engel: (3, 0)
Strateji: İnsan oyuncu hamlesi - Kazanma olasılığı: %90.0
Tahta Durumu:
. . X . . . .
. . X . . . .
. X . . . . .
X X X B . . .
W X X . . . .
. . . X . . .
. . . . . . .
------------------------------------------------

Hamle #10
Oyuncu: AI (W)
Taş Hamlesi: (5, 1)
Engel: (2, 2)
Strateji: Hard-ML: Öğrenilen bilgileri kullanma (Değer: 0.15, Öğrenilen toplam durum: 41)
Tahta Durumu:
. . X . . . .
. . X . . . .
. X . . . . .
X X X B . . .
W X X . . . .
. . . X . . .
. . . . . . .
------------------------------------------------

Hamle #11
Oyuncu: İnsan (Human)
Taş Hamlesi: (4, 3)
Engel: (5, 2)
Strateji: İnsan oyuncu hamlesi - Kazanma olasılığı: %46.0
Tahta Durumu:
. . X . . . .
. . X . . . .
. X X . . . .
X X X . . . .
. X X B . . .
. W X X . . .
. . . . . . .
------------------------------------------------

Hamle #12
Oyuncu: AI (W)
Taş Hamlesi: (4, 0)
Engel: (3, 3)
Strateji: Normal => (iterative deepening) Hard mantığı
Tahta Durumu:
. . X . . . .
. . X . . . .
. X X . . . .
X X X . . . .
. X X B . . .
. W X X . . .
. . . . . . .
------------------------------------------------

Hamle #13
Oyuncu: İnsan (Human)
Taş Hamlesi: (5, 4)
Engel: (5, 1)
Strateji: İnsan oyuncu hamlesi - Kazanma olasılığı: %90.0
Tahta Durumu:
. . X . . . .
. . X . . . .
. X X . . . .
X X X X . . .
W X X . . . .
. X X X B . .
. . . . . . .
------------------------------------------------

Hamle #14
Oyuncu: AI (W)
Taş Hamlesi: (5, 0)
Engel: (0, 0)
Strateji: Easy fallback => random
Tahta Durumu:
. . X . . . .
. . X . . . .
. X X . . . .
X X X X . . .
W X X . . . .
. X X X B . .
. . . . . . .
------------------------------------------------

Hamle #15
Oyuncu: İnsan (Human)
Taş Hamlesi: (6, 4)
Engel: (6, 1)
Strateji: İnsan oyuncu hamlesi - Kazanma olasılığı: %70.0
Tahta Durumu:
X . X . . . .
. . X . . . .
. X X . . . .
X X X X . . .
. X X . . . .
W X X X . . .
. X . . B . .
------------------------------------------------

Hamle #16
Oyuncu: AI (W)
Taş Hamlesi: (4, 0)
Engel: (6, 3)
Strateji: Normal => (iterative deepening) Hard mantığı
Tahta Durumu:
X . X . . . .
. . X . . . .
. X X . . . .
X X X X . . .
. X X . . . .
W X X X . . .
. X . . B . .
------------------------------------------------

Hamle #17
Oyuncu: İnsan (Human)
Taş Hamlesi: (5, 4)
Engel: (5, 0)
Strateji: İnsan oyuncu hamlesi - Kazanma olasılığı: %95.0
Tahta Durumu:
X . X . . . .
. . X . . . .
. X X . . . .
X X X X . . .
W X X . . . .
X X X X B . .
. X . X . . .
------------------------------------------------
