Abluka AI Log - 2025-03-31 16:35:48
Mod (Difficulty): hard
------------------------------------------------

Hamle #1
Oyuncu: İnsan (Human)
Taş Hamlesi: (1, 3)
Engel: (2, 3)
Strateji: İnsan oyuncu hamlesi - Kazanma olasılığı: %58.0
Tahta Durumu:
. . . . . . .
. . . B . . .
. . . X . . .
. . . . . . .
. . . . . . .
. . . . . . .
. . . W . . .
------------------------------------------------

Hamle #2
Oyuncu: AI (W)
Taş Hamlesi: (5, 3)
Engel: (0, 2)
Strateji: ML => Q + heuristic exploit => 0.04 (Q:0.00), Qsize=0
Tahta Durumu:
. . . . . . .
. . . B . . .
. . . X . . .
. . . . . . .
. . . . . . .
. . . . . . .
. . . W . . .
------------------------------------------------

Hamle #3
Oyuncu: İnsan (Human)
Taş Hamlesi: (2, 2)
Engel: (4, 3)
Strateji: İnsan oyuncu hamlesi - Kazanma olasılığı: %50.0
Tahta Durumu:
. . X . . . .
. . . . . . .
. . B X . . .
. . . . . . .
. . . X . . .
. . . W . . .
. . . . . . .
------------------------------------------------

Hamle #4
Oyuncu: AI (W)
Taş Hamlesi: (4, 2)
Engel: (1, 1)
Strateji: ML => Q + heuristic exploit => 0.03 (Q:0.00), Qsize=0
Tahta Durumu:
. . X . . . .
. . . . . . .
. . B X . . .
. . . . . . .
. . . X . . .
. . . W . . .
. . . . . . .
------------------------------------------------

Hamle #5
Oyuncu: İnsan (Human)
Taş Hamlesi: (3, 1)
Engel: (4, 1)
Strateji: İnsan oyuncu hamlesi - Kazanma olasılığı: %54.0
Tahta Durumu:
. . X . . . .
. X . . . . .
. . . X . . .
. B . . . . .
. X W X . . .
. . . . . . .
. . . . . . .
------------------------------------------------

Hamle #6
Oyuncu: AI (W)
Taş Hamlesi: (5, 3)
Engel: (2, 0)
Strateji: ML => Q + heuristic exploit => 0.03 (Q:0.00), Qsize=0
Tahta Durumu:
. . X . . . .
. X . . . . .
. . . X . . .
. B . . . . .
. X W X . . .
. . . . . . .
. . . . . . .
------------------------------------------------

Hamle #7
Oyuncu: İnsan (Human)
Taş Hamlesi: (4, 2)
Engel: (5, 2)
Strateji: İnsan oyuncu hamlesi - Kazanma olasılığı: %46.0
Tahta Durumu:
. . X . . . .
. X . . . . .
X . . X . . .
. . . . . . .
. X B X . . .
. . X W . . .
. . . . . . .
------------------------------------------------

Hamle #8
Oyuncu: AI (W)
Taş Hamlesi: (4, 4)
Engel: (3, 1)
Strateji: ML => Q + heuristic exploit => 0.04 (Q:0.00), Qsize=0
Tahta Durumu:
. . X . . . .
. X . . . . .
X . . X . . .
. . . . . . .
. X B X . . .
. . X W . . .
. . . . . . .
------------------------------------------------

Hamle #9
Oyuncu: İnsan (Human)
Taş Hamlesi: (3, 3)
Engel: (3, 4)
Strateji: İnsan oyuncu hamlesi - Kazanma olasılığı: %46.0
Tahta Durumu:
. . X . . . .
. X . . . . .
X . . X . . .
. X . B X . .
. X . X W . .
. . X . . . .
. . . . . . .
------------------------------------------------

Hamle #10
Oyuncu: AI (W)
Taş Hamlesi: (5, 5)
Engel: (2, 2)
Strateji: ML => Q + heuristic exploit => 0.04 (Q:0.00), Qsize=0
Tahta Durumu:
. . X . . . .
. X . . . . .
X . . X . . .
. X . B X . .
. X . X W . .
. . X . . . .
. . . . . . .
------------------------------------------------

Hamle #11
Oyuncu: İnsan (Human)
Taş Hamlesi: (4, 4)
Engel: (4, 5)
Strateji: İnsan oyuncu hamlesi - Kazanma olasılığı: %43.3
Tahta Durumu:
. . X . . . .
. X . . . . .
X . X X . . .
. X . . X . .
. X . X B X .
. . X . . W .
. . . . . . .
------------------------------------------------

Hamle #12
Oyuncu: AI (W)
Taş Hamlesi: (6, 4)
Engel: (3, 3)
Strateji: ML => Q + heuristic exploit => 0.03 (Q:0.00), Qsize=0
Tahta Durumu:
. . X . . . .
. X . . . . .
X . X X . . .
. X . . X . .
. X . X B X .
. . X . . W .
. . . . . . .
------------------------------------------------

Hamle #13
Oyuncu: İnsan (Human)
Taş Hamlesi: (5, 4)
Engel: (6, 5)
Strateji: İnsan oyuncu hamlesi - Kazanma olasılığı: %56.7
Tahta Durumu:
. . X . . . .
. X . . . . .
X . X X . . .
. X . X X . .
. X . X . X .
. . X . B . .
. . . . W X .
------------------------------------------------

Hamle #14
Oyuncu: AI (W)
Taş Hamlesi: (5, 5)
Engel: (4, 6)
Strateji: ML => Q + heuristic exploit => 0.05 (Q:0.00), Qsize=0
Tahta Durumu:
. . X . . . .
. X . . . . .
X . X X . . .
. X . X X . .
. X . X . X .
. . X . B . .
. . . . W X .
------------------------------------------------

Hamle #15
Oyuncu: İnsan (Human)
Taş Hamlesi: (4, 4)
Engel: (5, 4)
Strateji: İnsan oyuncu hamlesi - Kazanma olasılığı: %43.3
Tahta Durumu:
. . X . . . .
. X . . . . .
X . X X . . .
. X . X X . .
. X . X B X X
. . X . X W .
. . . . . X .
------------------------------------------------

Hamle #16
Oyuncu: AI (W)
Taş Hamlesi: (6, 4)
Engel: (5, 5)
Strateji: ML => Q + heuristic exploit => 0.05 (Q:0.00), Qsize=0
Tahta Durumu:
. . X . . . .
. X . . . . .
X . X X . . .
. X . X X . .
. X . X B X X
. . X . X W .
. . . . . X .
------------------------------------------------

Hamle #17
Oyuncu: İnsan (Human)
Taş Hamlesi: (5, 3)
Engel: (6, 3)
Strateji: İnsan oyuncu hamlesi - Kazanma olasılığı: %95.0
Tahta Durumu:
. . X . . . .
. X . . . . .
X . X X . . .
. X . X X . .
. X . X . X X
. . X B X X .
. . . X W X .
------------------------------------------------
