Abluka AI Log - 2025-03-31 16:36:36
Mod (Difficulty): hard
------------------------------------------------

Hamle #1
Oyuncu: AI (B)
Taş Hamlesi: (0, 2)
Engel: (0, 0)
Strateji: ML => Q + heuristic exploit => 309.02 (Q:206.00), Qsize=105745
Tahta Durumu:
. . . B . . .
. . . . . . .
. . . . . . .
. . . . . . .
. . . . . . .
. . . . . . .
. . . W . . .
------------------------------------------------

Hamle #2
Oyuncu: İnsan (Human)
Taş Hamlesi: (5, 3)
Engel: (0, 3)
Strateji: İnsan oyuncu hamlesi - Kazanma olasılığı: %70.0
Tahta Durumu:
X . B X . . .
. . . . . . .
. . . . . . .
. . . . . . .
. . . . . . .
. . . W . . .
. . . . . . .
------------------------------------------------

Hamle #3
Oyuncu: AI (B)
Taş Hamlesi: (1, 3)
Engel: (4, 2)
Strateji: ML => Q + heuristic exploit => 318.60 (Q:212.39), Qsize=105745
Tahta Durumu:
X . B X . . .
. . . . . . .
. . . . . . .
. . . . . . .
. . . . . . .
. . . W . . .
. . . . . . .
------------------------------------------------

Hamle #4
Oyuncu: İnsan (Human)
Taş Hamlesi: (4, 3)
Engel: (2, 3)
Strateji: İnsan oyuncu hamlesi - Kazanma olasılığı: %53.3
Tahta Durumu:
X . . X . . .
. . . B . . .
. . . X . . .
. . . . . . .
. . X W . . .
. . . . . . .
. . . . . . .
------------------------------------------------

Hamle #5
Oyuncu: AI (B)
Taş Hamlesi: (1, 2)
Engel: (0, 4)
Strateji: ML => Q + heuristic exploit => 237.25 (Q:158.16), Qsize=105745
Tahta Durumu:
X . . X . . .
. . . B . . .
. . . X . . .
. . . . . . .
. . X W . . .
. . . . . . .
. . . . . . .
------------------------------------------------

Hamle #6
Oyuncu: İnsan (Human)
Taş Hamlesi: (3, 3)
Engel: (2, 2)
Strateji: İnsan oyuncu hamlesi - Kazanma olasılığı: %50.0
Tahta Durumu:
X . . X X . .
. . B . . . .
. . X X . . .
. . . W . . .
. . X . . . .
. . . . . . .
. . . . . . .
------------------------------------------------

Hamle #7
Oyuncu: AI (B)
Taş Hamlesi: (2, 1)
Engel: (2, 4)
Strateji: ML => Q + heuristic exploit => 0.04 (Q:0.00), Qsize=105745
Tahta Durumu:
X . . X X . .
. . B . . . .
. . X X . . .
. . . W . . .
. . X . . . .
. . . . . . .
. . . . . . .
------------------------------------------------

Hamle #8
Oyuncu: İnsan (Human)
Taş Hamlesi: (3, 2)
Engel: (3, 1)
Strateji: İnsan oyuncu hamlesi - Kazanma olasılığı: %42.0
Tahta Durumu:
X . . X X . .
. . . . . . .
. B X X X . .
. X W . . . .
. . X . . . .
. . . . . . .
. . . . . . .
------------------------------------------------

Hamle #9
Oyuncu: AI (B)
Taş Hamlesi: (1, 1)
Engel: (3, 3)
Strateji: ML => Q + heuristic exploit => 0.04 (Q:0.00), Qsize=105745
Tahta Durumu:
X . . X X . .
. . . . . . .
. B X X X . .
. X W . . . .
. . X . . . .
. . . . . . .
. . . . . . .
------------------------------------------------

Hamle #10
Oyuncu: İnsan (Human)
Taş Hamlesi: (2, 1)
Engel: (2, 0)
Strateji: İnsan oyuncu hamlesi - Kazanma olasılığı: %50.0
Tahta Durumu:
X . . X X . .
. B . . . . .
X W X X X . .
. X . X . . .
. . X . . . .
. . . . . . .
. . . . . . .
------------------------------------------------

Hamle #11
Oyuncu: AI (B)
Taş Hamlesi: (0, 2)
Engel: (1, 0)
Strateji: ML => Q + heuristic exploit => 0.03 (Q:0.00), Qsize=105745
Tahta Durumu:
X . . X X . .
. B . . . . .
X W X X X . .
. X . X . . .
. . X . . . .
. . . . . . .
. . . . . . .
------------------------------------------------

Hamle #12
Oyuncu: İnsan (Human)
Taş Hamlesi: (1, 2)
Engel: (1, 3)
Strateji: İnsan oyuncu hamlesi - Kazanma olasılığı: %60.0
Tahta Durumu:
X . B X X . .
X . W X . . .
X . X X X . .
. X . X . . .
. . X . . . .
. . . . . . .
. . . . . . .
------------------------------------------------

Hamle #13
Oyuncu: AI (B)
Taş Hamlesi: (0, 1)
Engel: (2, 1)
Strateji: ML => Q + heuristic exploit => 0.38 (Q:0.00), Qsize=105745
Tahta Durumu:
X . B X X . .
X . W X . . .
X . X X X . .
. X . X . . .
. . X . . . .
. . . . . . .
. . . . . . .
------------------------------------------------

Hamle #14
Oyuncu: İnsan (Human)
Taş Hamlesi: (1, 1)
Engel: (0, 2)
Strateji: İnsan oyuncu hamlesi - Kazanma olasılığı: %50.0
Tahta Durumu:
X B X X X . .
X W . X . . .
X X X X X . .
. X . X . . .
. . X . . . .
. . . . . . .
. . . . . . .
------------------------------------------------

Hamle #15
Oyuncu: AI (B)
Taş Hamlesi: (1, 2)
Engel: (0, 5)
Strateji: ML => Q + heuristic exploit => 0.38 (Q:0.00), Qsize=105745
Tahta Durumu:
X B X X X . .
X W . X . . .
X X X X X . .
. X . X . . .
. . X . . . .
. . . . . . .
. . . . . . .
------------------------------------------------

Hamle #16
Oyuncu: İnsan (Human)
Taş Hamlesi: (0, 1)
Engel: (1, 1)
Strateji: İnsan oyuncu hamlesi - Kazanma olasılığı: %5.0
Tahta Durumu:
X W X X X X .
X X B X . . .
X X X X X . .
. X . X . . .
. . X . . . .
. . . . . . .
. . . . . . .
------------------------------------------------
