Abluka AI Log - 2025-04-10 12:45:37
Mod (Difficulty): hard
------------------------------------------------

Hamle #1
Oyuncu: AI (B)
Taş Hamlesi: (1, 4)
Engel: (0, 0)
Strateji: ML => Q + heuristic exploit => 502.48 (Q:334.96), Qsize=128126
Tahta Durumu:
. . . B . . .
. . . . . . .
. . . . . . .
. . . . . . .
. . . . . . .
. . . . . . .
. . . W . . .
------------------------------------------------

Hamle #2
Oyuncu: İnsan (Human)
Taş Hamlesi: (5, 3)
Engel: (2, 4)
Strateji: İnsan oyuncu hamlesi - Kazanma olasılığı: %52.9
Tahta Durumu:
X . . . . . .
. . . . B . .
. . . . X . .
. . . . . . .
. . . . . . .
. . . W . . .
. . . . . . .
------------------------------------------------

Hamle #3
Oyuncu: AI (B)
Taş Hamlesi: (1, 3)
Engel: (4, 2)
Strateji: ML => Q + heuristic exploit => 487.08 (Q:324.70), Qsize=128126
Tahta Durumu:
X . . . . . .
. . . . B . .
. . . . X . .
. . . . . . .
. . . . . . .
. . . W . . .
. . . . . . .
------------------------------------------------

Hamle #4
Oyuncu: İnsan (Human)
Taş Hamlesi: (4, 3)
Engel: (2, 3)
Strateji: İnsan oyuncu hamlesi - Kazanma olasılığı: %53.3
Tahta Durumu:
X . . . . . .
. . . B . . .
. . . X X . .
. . . . . . .
. . X W . . .
. . . . . . .
. . . . . . .
------------------------------------------------

Hamle #5
Oyuncu: AI (B)
Taş Hamlesi: (0, 3)
Engel: (0, 1)
Strateji: ML => Q + heuristic exploit => 372.76 (Q:248.50), Qsize=128126
Tahta Durumu:
X . . . . . .
. . . B . . .
. . . X X . .
. . . . . . .
. . X W . . .
. . . . . . .
. . . . . . .
------------------------------------------------

Hamle #6
Oyuncu: İnsan (Human)
Taş Hamlesi: (3, 2)
Engel: (0, 2)
Strateji: İnsan oyuncu hamlesi - Kazanma olasılığı: %60.0
Tahta Durumu:
X X X B . . .
. . . . . . .
. . . X X . .
. . W . . . .
. . X . . . .
. . . . . . .
. . . . . . .
------------------------------------------------

Hamle #7
Oyuncu: AI (B)
Taş Hamlesi: (1, 4)
Engel: (2, 1)
Strateji: ML => Q + heuristic exploit => 0.03 (Q:0.00), Qsize=128126
Tahta Durumu:
X X X B . . .
. . . . . . .
. . . X X . .
. . W . . . .
. . X . . . .
. . . . . . .
. . . . . . .
------------------------------------------------

Hamle #8
Oyuncu: İnsan (Human)
Taş Hamlesi: (2, 2)
Engel: (1, 3)
Strateji: İnsan oyuncu hamlesi - Kazanma olasılığı: %50.0
Tahta Durumu:
X X X . . . .
. . . X B . .
. X W X X . .
. . . . . . .
. . X . . . .
. . . . . . .
. . . . . . .
------------------------------------------------

Hamle #9
Oyuncu: AI (B)
Taş Hamlesi: (2, 5)
Engel: (1, 1)
Strateji: ML => Q + heuristic exploit => 0.04 (Q:0.00), Qsize=128126
Tahta Durumu:
X X X . . . .
. . . X B . .
. X W X X . .
. . . . . . .
. . X . . . .
. . . . . . .
. . . . . . .
------------------------------------------------

Hamle #10
Oyuncu: İnsan (Human)
Taş Hamlesi: (3, 3)
Engel: (3, 5)
Strateji: İnsan oyuncu hamlesi - Kazanma olasılığı: %46.7
Tahta Durumu:
X X X . . . .
. X . X . . .
. X . X X B .
. . . W . X .
. . X . . . .
. . . . . . .
. . . . . . .
------------------------------------------------

Hamle #11
Oyuncu: AI (B)
Taş Hamlesi: (1, 5)
Engel: (2, 0)
Strateji: ML => Q + heuristic exploit => 0.04 (Q:0.00), Qsize=128126
Tahta Durumu:
X X X . . . .
. X . X . . .
. X . X X B .
. . . W . X .
. . X . . . .
. . . . . . .
. . . . . . .
------------------------------------------------

Hamle #12
Oyuncu: İnsan (Human)
Taş Hamlesi: (3, 4)
Engel: (3, 6)
Strateji: İnsan oyuncu hamlesi - Kazanma olasılığı: %44.3
Tahta Durumu:
X X X . . . .
. X . X . B .
X X . X X . .
. . . . W X X
. . X . . . .
. . . . . . .
. . . . . . .
------------------------------------------------

Hamle #13
Oyuncu: AI (B)
Taş Hamlesi: (2, 5)
Engel: (0, 4)
Strateji: ML => Q + heuristic exploit => 35.12 (Q:23.39), Qsize=128126
Tahta Durumu:
X X X . . . .
. X . X . B .
X X . X X . .
. . . . W X X
. . X . . . .
. . . . . . .
. . . . . . .
------------------------------------------------

Hamle #14
Oyuncu: İnsan (Human)
Taş Hamlesi: (4, 5)
Engel: (3, 4)
Strateji: İnsan oyuncu hamlesi - Kazanma olasılığı: %55.0
Tahta Durumu:
X X X . X . .
. X . X . . .
X X . X X B .
. . . . X X X
. . X . . W .
. . . . . . .
. . . . . . .
------------------------------------------------

Hamle #15
Oyuncu: AI (B)
Taş Hamlesi: (1, 4)
Engel: (4, 4)
Strateji: ML => Q + heuristic exploit => 0.11 (Q:0.00), Qsize=128126
Tahta Durumu:
X X X . X . .
. X . X . . .
X X . X X B .
. . . . X X X
. . X . . W .
. . . . . . .
. . . . . . .
------------------------------------------------

Hamle #16
Oyuncu: İnsan (Human)
Taş Hamlesi: (5, 5)
Engel: (0, 3)
Strateji: İnsan oyuncu hamlesi - Kazanma olasılığı: %76.7
Tahta Durumu:
X X X X X . .
. X . X B . .
X X . X X . .
. . . . X X X
. . X . X . .
. . . . . W .
. . . . . . .
------------------------------------------------

Hamle #17
Oyuncu: AI (B)
Taş Hamlesi: (1, 5)
Engel: (2, 2)
Strateji: ML => Q + heuristic exploit => 0.09 (Q:0.00), Qsize=128126
Tahta Durumu:
X X X X X . .
. X . X B . .
X X . X X . .
. . . . X X X
. . X . X . .
. . . . . W .
. . . . . . .
------------------------------------------------

Hamle #18
Oyuncu: İnsan (Human)
Taş Hamlesi: (4, 5)
Engel: (1, 4)
Strateji: İnsan oyuncu hamlesi - Kazanma olasılığı: %46.0
Tahta Durumu:
X X X X X . .
. X . X X B .
X X X X X . .
. . . . X X X
. . X . X W .
. . . . . . .
. . . . . . .
------------------------------------------------

Hamle #19
Oyuncu: AI (B)
Taş Hamlesi: (1, 6)
Engel: (4, 6)
Strateji: ML => Q + heuristic exploit => 0.10 (Q:0.00), Qsize=128126
Tahta Durumu:
X X X X X . .
. X . X X B .
X X X X X . .
. . . . X X X
. . X . X W .
. . . . . . .
. . . . . . .
------------------------------------------------

Hamle #20
Oyuncu: İnsan (Human)
Taş Hamlesi: (5, 5)
Engel: (1, 5)
Strateji: İnsan oyuncu hamlesi - Kazanma olasılığı: %60.0
Tahta Durumu:
X X X X X . .
. X . X X X B
X X X X X . .
. . . . X X X
. . X . X . X
. . . . . W .
. . . . . . .
------------------------------------------------

Hamle #21
Oyuncu: AI (B)
Taş Hamlesi: (0, 6)
Engel: (4, 5)
Strateji: ML => Q + heuristic exploit => 0.07 (Q:0.00), Qsize=128126
Tahta Durumu:
X X X X X . .
. X . X X X B
X X X X X . .
. . . . X X X
. . X . X . X
. . . . . W .
. . . . . . .
------------------------------------------------

Hamle #22
Oyuncu: İnsan (Human)
Taş Hamlesi: (5, 4)
Engel: (0, 5)
Strateji: İnsan oyuncu hamlesi - Kazanma olasılığı: %90.0
Tahta Durumu:
X X X X X X B
. X . X X X .
X X X X X . .
. . . . X X X
. . X . X X X
. . . . W . .
. . . . . . .
------------------------------------------------

Hamle #23
Oyuncu: AI (B)
Taş Hamlesi: (1, 6)
Engel: (3, 0)
Strateji: ML => Q + heuristic exploit => 0.06 (Q:0.00), Qsize=128126
Tahta Durumu:
X X X X X X B
. X . X X X .
X X X X X . .
. . . . X X X
. . X . X X X
. . . . W . .
. . . . . . .
------------------------------------------------

Hamle #24
Oyuncu: İnsan (Human)
Taş Hamlesi: (4, 3)
Engel: (2, 5)
Strateji: İnsan oyuncu hamlesi - Kazanma olasılığı: %80.0
Tahta Durumu:
X X X X X X .
. X . X X X B
X X X X X X .
X . . . X X X
. . X W X X X
. . . . . . .
. . . . . . .
------------------------------------------------

Hamle #25
Oyuncu: AI (B)
Taş Hamlesi: (0, 6)
Engel: (3, 2)
Strateji: ML => Q + heuristic exploit => 0.04 (Q:0.00), Qsize=128126
Tahta Durumu:
X X X X X X .
. X . X X X B
X X X X X X .
X . . . X X X
. . X W X X X
. . . . . . .
. . . . . . .
------------------------------------------------

Hamle #26
Oyuncu: İnsan (Human)
Taş Hamlesi: (3, 3)
Engel: (1, 6)
Strateji: İnsan oyuncu hamlesi - Kazanma olasılığı: %95.0
Tahta Durumu:
X X X X X X B
. X . X X X X
X X X X X X .
X . X W X X X
. . X . X X X
. . . . . . .
. . . . . . .
------------------------------------------------
