Abluka Oyunu - 2025-03-29 00:41:54
AI Zorluk: normal
-----------------------------------------------------------------------------

Hamle #1
Oyuncu: İnsan (Human)
Taş Hamlesi: (1, 3)
Engel: (5, 3)
Strateji: İnsan oyuncu hamlesi - Kazanma olasılığı: %80.0
Tahta Durumu:
. . . . . . .
. . . B . . .
. . . . . . .
. . . . . . .
. . . . . . .
. . . . . . .
. . . W . . .
-----------------------------------------------------------------------------

Hamle #2
Oyuncu: AI (W)
Taş Hamlesi: (5, 2)
Engel: (1, 2)
Strateji: (3,2): Baskı bölgesinde, Rakibin hareketini 1 kadar kısıtlıyor, Merkeze yakın kontrol
Tahta Durumu:
. . . . . . .
. . . B . . .
. . . . . . .
. . . . . . .
. . . . . . .
. . . . . . .
. . . W . . .
-----------------------------------------------------------------------------
