Abluka AI Log - 2025-04-03 15:25:01
Mod (Difficulty): hard
------------------------------------------------

Hamle #1
Oyuncu: İnsan (Human)
Taş Hamlesi: (1, 3)
Engel: (5, 3)
Strateji: İnsan oyuncu hamlesi - Kazanma olasılığı: %70.0
Tahta Durumu:
. . . . . . .
. . . B . . .
. . . . . . .
. . . . . . .
. . . . . . .
. . . X . . .
. . . W . . .
------------------------------------------------

Hamle #2
Oyuncu: AI (W)
Taş Hamlesi: (5, 4)
Engel: (0, 2)
Strateji: ML => Q + heuristic exploit => 421.74 (Q:281.14), Qsize=110761
Tahta Durumu:
. . . . . . .
. . . B . . .
. . . . . . .
. . . . . . .
. . . . . . .
. . . X . . .
. . . W . . .
------------------------------------------------

Hamle #3
Oyuncu: İnsan (Human)
Taş Hamlesi: (2, 3)
Engel: (4, 5)
Strateji: İnsan oyuncu hamlesi - Kazanma olasılığı: %56.7
Tahta Durumu:
. . X . . . .
. . . . . . .
. . . B . . .
. . . . . . .
. . . . . X .
. . . X W . .
. . . . . . .
------------------------------------------------

Hamle #4
Oyuncu: AI (W)
Taş Hamlesi: (6, 3)
Engel: (1, 2)
Strateji: ML => Q + heuristic exploit => 415.42 (Q:276.94), Qsize=110761
Tahta Durumu:
. . X . . . .
. . . . . . .
. . . B . . .
. . . . . . .
. . . . . X .
. . . X W . .
. . . . . . .
------------------------------------------------

Hamle #5
Oyuncu: İnsan (Human)
Taş Hamlesi: (3, 3)
Engel: (5, 4)
Strateji: İnsan oyuncu hamlesi - Kazanma olasılığı: %83.3
Tahta Durumu:
. . X . . . .
. . X . . . .
. . . . . . .
. . . B . . .
. . . . . X .
. . . X X . .
. . . W . . .
------------------------------------------------

Hamle #6
Oyuncu: AI (W)
Taş Hamlesi: (5, 2)
Engel: (2, 2)
Strateji: ML => Q + heuristic exploit => 111.91 (Q:74.59), Qsize=110761
Tahta Durumu:
. . X . . . .
. . X . . . .
. . . . . . .
. . . B . . .
. . . . . X .
. . . X X . .
. . . W . . .
------------------------------------------------

Hamle #7
Oyuncu: İnsan (Human)
Taş Hamlesi: (4, 3)
Engel: (4, 2)
Strateji: İnsan oyuncu hamlesi - Kazanma olasılığı: %46.0
Tahta Durumu:
. . X . . . .
. . X . . . .
. . X . . . .
. . . . . . .
. . X B . X .
. . W X X . .
. . . . . . .
------------------------------------------------

Hamle #8
Oyuncu: AI (W)
Taş Hamlesi: (4, 1)
Engel: (3, 3)
Strateji: ML => Q + heuristic exploit => 0.04 (Q:0.00), Qsize=110761
Tahta Durumu:
. . X . . . .
. . X . . . .
. . X . . . .
. . . . . . .
. . X B . X .
. . W X X . .
. . . . . . .
------------------------------------------------

Hamle #9
Oyuncu: İnsan (Human)
Taş Hamlesi: (3, 2)
Engel: (3, 1)
Strateji: İnsan oyuncu hamlesi - Kazanma olasılığı: %42.0
Tahta Durumu:
. . X . . . .
. . X . . . .
. . X . . . .
. X B X . . .
. W X . . X .
. . . X X . .
. . . . . . .
------------------------------------------------

Hamle #10
Oyuncu: AI (W)
Taş Hamlesi: (3, 0)
Engel: (2, 1)
Strateji: ML => Q + heuristic exploit => 0.08 (Q:0.00), Qsize=110761
Tahta Durumu:
. . X . . . .
. . X . . . .
. . X . . . .
. X B X . . .
. W X . . X .
. . . X X . .
. . . . . . .
------------------------------------------------

Hamle #11
Oyuncu: İnsan (Human)
Taş Hamlesi: (4, 1)
Engel: (2, 0)
Strateji: İnsan oyuncu hamlesi - Kazanma olasılığı: %90.0
Tahta Durumu:
. . X . . . .
. . X . . . .
X X X . . . .
W X . X . . .
. B X . . X .
. . . X X . .
. . . . . . .
------------------------------------------------

Hamle #12
Oyuncu: AI (W)
Taş Hamlesi: (4, 0)
Engel: (3, 2)
Strateji: ML => Q + heuristic exploit => 0.06 (Q:0.00), Qsize=110761
Tahta Durumu:
. . X . . . .
. . X . . . .
X X X . . . .
W X . X . . .
. B X . . X .
. . . X X . .
. . . . . . .
------------------------------------------------

Hamle #13
Oyuncu: İnsan (Human)
Taş Hamlesi: (5, 1)
Engel: (4, 1)
Strateji: İnsan oyuncu hamlesi - Kazanma olasılığı: %80.0
Tahta Durumu:
. . X . . . .
. . X . . . .
X X X . . . .
. X X X . . .
W X X . . X .
. B . X X . .
. . . . . . .
------------------------------------------------

Hamle #14
Oyuncu: AI (W)
Taş Hamlesi: (5, 0)
Engel: (4, 0)
Strateji: ML => Q + heuristic exploit => 0.07 (Q:0.00), Qsize=110761
Tahta Durumu:
. . X . . . .
. . X . . . .
X X X . . . .
. X X X . . .
W X X . . X .
. B . X X . .
. . . . . . .
------------------------------------------------

Hamle #15
Oyuncu: İnsan (Human)
Taş Hamlesi: (6, 1)
Engel: (5, 1)
Strateji: İnsan oyuncu hamlesi - Kazanma olasılığı: %90.0
Tahta Durumu:
. . X . . . .
. . X . . . .
X X X . . . .
. X X X . . .
X X X . . X .
W X . X X . .
. B . . . . .
------------------------------------------------

Hamle #16
Oyuncu: AI (W)
Taş Hamlesi: (6, 0)
Engel: (5, 2)
Strateji: ML => Q + heuristic exploit => 0.02 (Q:0.00), Qsize=110761
Tahta Durumu:
. . X . . . .
. . X . . . .
X X X . . . .
. X X X . . .
X X X . . X .
W X . X X . .
. B . . . . .
------------------------------------------------

Hamle #17
Oyuncu: İnsan (Human)
Taş Hamlesi: (6, 2)
Engel: (6, 1)
Strateji: İnsan oyuncu hamlesi - Kazanma olasılığı: %50.0
Tahta Durumu:
. . X . . . .
. . X . . . .
X X X . . . .
. X X X . . .
X X X . . X .
. X X X X . .
W X B . . . .
------------------------------------------------

Hamle #18
Oyuncu: AI (W)
Taş Hamlesi: (5, 0)
Engel: (6, 3)
Strateji: Hızlı kazanma: Rakibi ablukada bırakmak
Tahta Durumu:
. . X . . . .
. . X . . . .
X X X . . . .
. X X X . . .
X X X . . X .
. X X X X . .
W X B . . . .
------------------------------------------------
