Abluka AI Log - 2025-03-29 01:34:21
Mod (Difficulty): hard
------------------------------------------------

Hamle #1
Oyuncu: AI (B)
Taş Hamlesi: (0, 2)
Engel: (4, 0)
Strateji: Hard-ML: Keşif modu (epsilon-greedy)
Tahta Durumu:
. . . B . . .
. . . . . . .
. . . . . . .
. . . . . . .
. . . . . . .
. . . . . . .
. . . W . . .
------------------------------------------------

Hamle #2
Oyuncu: İnsan (Human)
Taş Hamlesi: (5, 2)
Engel: (1, 2)
Strateji: İnsan oyuncu hamlesi - Kazanma olasılığı: %70.0
Tahta Durumu:
. . B . . . .
. . X . . . .
. . . . . . .
. . . . . . .
X . . . . . .
. . W . . . .
. . . . . . .
------------------------------------------------

Hamle #3
Oyuncu: AI (B)
Taş Hamlesi: (1, 3)
Engel: (4, 1)
Strateji: Hard-ML: Öğrenilen bilgileri kullanma (Değer: 0.05, Öğrenilen toplam durum: 10)
Tahta Durumu:
. . B . . . .
. . X . . . .
. . . . . . .
. . . . . . .
X . . . . . .
. . W . . . .
. . . . . . .
------------------------------------------------

Hamle #4
Oyuncu: İnsan (Human)
Taş Hamlesi: (4, 2)
Engel: (2, 3)
Strateji: İnsan oyuncu hamlesi - Kazanma olasılığı: %53.3
Tahta Durumu:
. . . . . . .
. . X B . . .
. . . X . . .
. . . . . . .
X X W . . . .
. . . . . . .
. . . . . . .
------------------------------------------------

Hamle #5
Oyuncu: AI (B)
Taş Hamlesi: (2, 4)
Engel: (3, 1)
Strateji: Hard-ML: Öğrenilen bilgileri kullanma (Değer: 0.06, Öğrenilen toplam durum: 11)
Tahta Durumu:
. . . . . . .
. . X B . . .
. . . X . . .
. . . . . . .
X X W . . . .
. . . . . . .
. . . . . . .
------------------------------------------------

Hamle #6
Oyuncu: İnsan (Human)
Taş Hamlesi: (4, 3)
Engel: (3, 4)
Strateji: İnsan oyuncu hamlesi - Kazanma olasılığı: %53.3
Tahta Durumu:
. . . . . . .
. . X . . . .
. . . X B . .
. X . . X . .
X X . W . . .
. . . . . . .
. . . . . . .
------------------------------------------------

Hamle #7
Oyuncu: AI (B)
Taş Hamlesi: (1, 5)
Engel: (3, 2)
Strateji: Hard-ML: Öğrenilen bilgileri kullanma (Değer: 0.07, Öğrenilen toplam durum: 12)
Tahta Durumu:
. . . . . . .
. . X . . . .
. . . X B . .
. X . . X . .
X X . W . . .
. . . . . . .
. . . . . . .
------------------------------------------------

Hamle #8
Oyuncu: İnsan (Human)
Taş Hamlesi: (4, 4)
Engel: (2, 5)
Strateji: İnsan oyuncu hamlesi - Kazanma olasılığı: %50.0
Tahta Durumu:
. . . . . . .
. . X . . B .
. . . X . X .
. X X . X . .
X X . . W . .
. . . . . . .
. . . . . . .
------------------------------------------------

Hamle #9
Oyuncu: AI (B)
Taş Hamlesi: (1, 4)
Engel: (3, 3)
Strateji: Hard-ML: Öğrenilen bilgileri kullanma (Değer: 0.04, Öğrenilen toplam durum: 13)
Tahta Durumu:
. . . . . . .
. . X . . B .
. . . X . X .
. X X . X . .
X X . . W . .
. . . . . . .
. . . . . . .
------------------------------------------------

Hamle #10
Oyuncu: İnsan (Human)
Taş Hamlesi: (3, 5)
Engel: (2, 4)
Strateji: İnsan oyuncu hamlesi - Kazanma olasılığı: %50.0
Tahta Durumu:
. . . . . . .
. . X . B . .
. . . X X X .
. X X X X W .
X X . . . . .
. . . . . . .
. . . . . . .
------------------------------------------------

Hamle #11
Oyuncu: AI (B)
Taş Hamlesi: (1, 3)
Engel: (1, 0)
Strateji: Hard-ML: Keşif modu (epsilon-greedy)
Tahta Durumu:
. . . . . . .
. . X . B . .
. . . X X X .
. X X X X W .
X X . . . . .
. . . . . . .
. . . . . . .
------------------------------------------------

Hamle #12
Oyuncu: İnsan (Human)
Taş Hamlesi: (2, 6)
Engel: (1, 4)
Strateji: İnsan oyuncu hamlesi - Kazanma olasılığı: %50.0
Tahta Durumu:
. . . . . . .
X . X B X . .
. . . X X X W
. X X X X . .
X X . . . . .
. . . . . . .
. . . . . . .
------------------------------------------------

Hamle #13
Oyuncu: AI (B)
Taş Hamlesi: (0, 4)
Engel: (3, 5)
Strateji: Hard-ML: Öğrenilen bilgileri kullanma (Değer: 0.23, Öğrenilen toplam durum: 14)
Tahta Durumu:
. . . . . . .
X . X B X . .
. . . X X X W
. X X X X . .
X X . . . . .
. . . . . . .
. . . . . . .
------------------------------------------------

Hamle #14
Oyuncu: İnsan (Human)
Taş Hamlesi: (1, 5)
Engel: (1, 3)
Strateji: İnsan oyuncu hamlesi - Kazanma olasılığı: %70.0
Tahta Durumu:
. . . . B . .
X . X X X W .
. . . X X X .
. X X X X X .
X X . . . . .
. . . . . . .
. . . . . . .
------------------------------------------------

Hamle #15
Oyuncu: AI (B)
Taş Hamlesi: (0, 3)
Engel: (2, 6)
Strateji: Hard-ML: Öğrenilen bilgileri kullanma (Değer: 0.72, Öğrenilen toplam durum: 15)
Tahta Durumu:
. . . . B . .
X . X X X W .
. . . X X X .
. X X X X X .
X X . . . . .
. . . . . . .
. . . . . . .
------------------------------------------------

Hamle #16
Oyuncu: İnsan (Human)
Taş Hamlesi: (0, 4)
Engel: (0, 2)
Strateji: İnsan oyuncu hamlesi - Kazanma olasılığı: %95.0
Tahta Durumu:
. . X B W . .
X . X X X . .
. . . X X X X
. X X X X X .
X X . . . . .
. . . . . . .
. . . . . . .
------------------------------------------------
