Abluka AI Log - 2025-03-31 16:32:13
Mod (Difficulty): hard
------------------------------------------------

Hamle #1
Oyuncu: İnsan (Human)
Taş Hamlesi: (1, 3)
Engel: (5, 3)
Strateji: İnsan oyuncu hamlesi - Kazanma olasılığı: %70.0
Tahta Durumu:
. . . . . . .
. . . B . . .
. . . . . . .
. . . . . . .
. . . . . . .
. . . X . . .
. . . W . . .
------------------------------------------------

Hamle #2
Oyuncu: AI (W)
Taş Hamlesi: (5, 2)
Engel: (0, 2)
Strateji: ML => Q + heuristic exploit => 332.30 (Q:221.52), Qsize=105712
Tahta Durumu:
. . . . . . .
. . . B . . .
. . . . . . .
. . . . . . .
. . . . . . .
. . . X . . .
. . . W . . .
------------------------------------------------

Hamle #3
Oyuncu: İnsan (Human)
Taş Hamlesi: (2, 2)
Engel: (4, 2)
Strateji: İnsan oyuncu hamlesi - Kazanma olasılığı: %56.7
Tahta Durumu:
. . X . . . .
. . . . . . .
. . B . . . .
. . . . . . .
. . X . . . .
. . W X . . .
. . . . . . .
------------------------------------------------

Hamle #4
Oyuncu: AI (W)
Taş Hamlesi: (6, 3)
Engel: (1, 1)
Strateji: ML => Q + heuristic exploit => 272.04 (Q:181.36), Qsize=105712
Tahta Durumu:
. . X . . . .
. . . . . . .
. . B . . . .
. . . . . . .
. . X . . . .
. . W X . . .
. . . . . . .
------------------------------------------------

Hamle #5
Oyuncu: İnsan (Human)
Taş Hamlesi: (3, 3)
Engel: (4, 4)
Strateji: İnsan oyuncu hamlesi - Kazanma olasılığı: %60.0
Tahta Durumu:
. . X . . . .
. X . . . . .
. . . . . . .
. . . B . . .
. . X . X . .
. . . X . . .
. . . W . . .
------------------------------------------------

Hamle #6
Oyuncu: AI (W)
Taş Hamlesi: (5, 2)
Engel: (2, 2)
Strateji: ML => Q + heuristic exploit => 0.02 (Q:0.00), Qsize=105712
Tahta Durumu:
. . X . . . .
. X . . . . .
. . . . . . .
. . . B . . .
. . X . X . .
. . . X . . .
. . . W . . .
------------------------------------------------

Hamle #7
Oyuncu: İnsan (Human)
Taş Hamlesi: (3, 2)
Engel: (4, 0)
Strateji: İnsan oyuncu hamlesi - Kazanma olasılığı: %50.0
Tahta Durumu:
. . X . . . .
. X . . . . .
. . X . . . .
. . B . . . .
X . X . X . .
. . W X . . .
. . . . . . .
------------------------------------------------

Hamle #8
Oyuncu: AI (W)
Taş Hamlesi: (6, 3)
Engel: (2, 1)
Strateji: ML => Q + heuristic exploit => 18.27 (Q:12.17), Qsize=105712
Tahta Durumu:
. . X . . . .
. X . . . . .
. . X . . . .
. . B . . . .
X . X . X . .
. . W X . . .
. . . . . . .
------------------------------------------------

Hamle #9
Oyuncu: İnsan (Human)
Taş Hamlesi: (4, 1)
Engel: (5, 4)
Strateji: İnsan oyuncu hamlesi - Kazanma olasılığı: %70.0
Tahta Durumu:
. . X . . . .
. X . . . . .
. X X . . . .
. . . . . . .
X B X . X . .
. . . X X . .
. . . W . . .
------------------------------------------------

Hamle #10
Oyuncu: AI (W)
Taş Hamlesi: (5, 2)
Engel: (0, 0)
Strateji: ML => Q + heuristic exploit => 0.02 (Q:0.00), Qsize=105712
Tahta Durumu:
. . X . . . .
. X . . . . .
. X X . . . .
. . . . . . .
X B X . X . .
. . . X X . .
. . . W . . .
------------------------------------------------

Hamle #11
Oyuncu: İnsan (Human)
Taş Hamlesi: (3, 2)
Engel: (4, 1)
Strateji: İnsan oyuncu hamlesi - Kazanma olasılığı: %46.0
Tahta Durumu:
X . X . . . .
. X . . . . .
. X X . . . .
. . B . . . .
X X X . X . .
. . W X X . .
. . . . . . .
------------------------------------------------

Hamle #12
Oyuncu: AI (W)
Taş Hamlesi: (4, 3)
Engel: (6, 4)
Strateji: ML => Q + heuristic exploit => 0.11 (Q:0.00), Qsize=105712
Tahta Durumu:
X . X . . . .
. X . . . . .
. X X . . . .
. . B . . . .
X X X . X . .
. . W X X . .
. . . . . . .
------------------------------------------------

Hamle #13
Oyuncu: İnsan (Human)
Taş Hamlesi: (2, 3)
Engel: (3, 2)
Strateji: İnsan oyuncu hamlesi - Kazanma olasılığı: %70.0
Tahta Durumu:
X . X . . . .
. X . . . . .
. X X B . . .
. . X . . . .
X X X W X . .
. . . X X . .
. . . . X . .
------------------------------------------------

Hamle #14
Oyuncu: AI (W)
Taş Hamlesi: (3, 4)
Engel: (2, 0)
Strateji: ML => Q + heuristic exploit => 78.16 (Q:52.07), Qsize=105712
Tahta Durumu:
X . X . . . .
. X . . . . .
. X X B . . .
. . X . . . .
X X X W X . .
. . . X X . .
. . . . X . .
------------------------------------------------

Hamle #15
Oyuncu: İnsan (Human)
Taş Hamlesi: (2, 4)
Engel: (3, 3)
Strateji: İnsan oyuncu hamlesi - Kazanma olasılığı: %54.0
Tahta Durumu:
X . X . . . .
. X . . . . .
X X X . B . .
. . X X W . .
X X X . X . .
. . . X X . .
. . . . X . .
------------------------------------------------

Hamle #16
Oyuncu: AI (W)
Taş Hamlesi: (3, 5)
Engel: (1, 3)
Strateji: ML => Q + heuristic exploit => 55.44 (Q:36.92), Qsize=105712
Tahta Durumu:
X . X . . . .
. X . . . . .
X X X . B . .
. . X X W . .
X X X . X . .
. . . X X . .
. . . . X . .
------------------------------------------------

Hamle #17
Oyuncu: İnsan (Human)
Taş Hamlesi: (2, 3)
Engel: (2, 5)
Strateji: İnsan oyuncu hamlesi - Kazanma olasılığı: %43.3
Tahta Durumu:
X . X . . . .
. X . X . . .
X X X B . X .
. . X X . W .
X X X . X . .
. . . X X . .
. . . . X . .
------------------------------------------------

Hamle #18
Oyuncu: AI (W)
Taş Hamlesi: (4, 5)
Engel: (0, 1)
Strateji: ML => Q + heuristic exploit => 15.52 (Q:10.30), Qsize=105712
Tahta Durumu:
X . X . . . .
. X . X . . .
X X X B . X .
. . X X . W .
X X X . X . .
. . . X X . .
. . . . X . .
------------------------------------------------

Hamle #19
Oyuncu: İnsan (Human)
Taş Hamlesi: (3, 4)
Engel: (3, 5)
Strateji: İnsan oyuncu hamlesi - Kazanma olasılığı: %45.0
Tahta Durumu:
X X X . . . .
. X . X . . .
X X X . . X .
. . X X B X .
X X X . X W .
. . . X X . .
. . . . X . .
------------------------------------------------

Hamle #20
Oyuncu: AI (W)
Taş Hamlesi: (5, 5)
Engel: (5, 0)
Strateji: ML => Q + heuristic exploit => 63.19 (Q:42.09), Qsize=105712
Tahta Durumu:
X X X . . . .
. X . X . . .
X X X . . X .
. . X X B X .
X X X . X W .
. . . X X . .
. . . . X . .
------------------------------------------------

Hamle #21
Oyuncu: İnsan (Human)
Taş Hamlesi: (4, 5)
Engel: (4, 6)
Strateji: İnsan oyuncu hamlesi - Kazanma olasılığı: %50.0
Tahta Durumu:
X X X . . . .
. X . X . . .
X X X . . X .
. . X X . X .
X X X . X B X
X . . X X W .
. . . . X . .
------------------------------------------------

Hamle #22
Oyuncu: AI (W)
Taş Hamlesi: (6, 5)
Engel: (5, 5)
Strateji: ML => Q + heuristic exploit => 22.56 (Q:15.03), Qsize=105712
Tahta Durumu:
X X X . . . .
. X . X . . .
X X X . . X .
. . X X . X .
X X X . X B X
X . . X X W .
. . . . X . .
------------------------------------------------

Hamle #23
Oyuncu: İnsan (Human)
Taş Hamlesi: (5, 6)
Engel: (6, 6)
Strateji: İnsan oyuncu hamlesi - Kazanma olasılığı: %95.0
Tahta Durumu:
X X X . . . .
. X . X . . .
X X X . . X .
. . X X . X .
X X X . X . X
X . . X X X B
. . . . X W X
------------------------------------------------
