Abluka AI Log - 2025-03-29 13:51:38
Mod (Difficulty): hard
------------------------------------------------

Hamle #1
Oyuncu: AI (B)
Taş Hamlesi: (0, 4)
Engel: (0, 0)
Strateji: Hard-ML: Öğrenilen bilgileri kullanma (Değer: 145.24, Öğrenilen toplam durum: 4178)
Tahta Durumu:
. . . B . . .
. . . . . . .
. . . . . . .
. . . . . . .
. . . . . . .
. . . . . . .
. . . W . . .
------------------------------------------------

Hamle #2
Oyuncu: İnsan (Human)
Taş Hamlesi: (5, 3)
Engel: (1, 4)
Strateji: İnsan oyuncu hamlesi - Kazanma olasılığı: %70.0
Tahta Durumu:
X . . . B . .
. . . . X . .
. . . . . . .
. . . . . . .
. . . . . . .
. . . W . . .
. . . . . . .
------------------------------------------------

Hamle #3
Oyuncu: AI (B)
Taş Hamlesi: (1, 3)
Engel: (4, 2)
Strateji: Hard-ML: Öğrenilen bilgileri kullanma (Değer: 0.05, Öğrenilen toplam durum: 4179)
Tahta Durumu:
X . . . B . .
. . . . X . .
. . . . . . .
. . . . . . .
. . . . . . .
. . . W . . .
. . . . . . .
------------------------------------------------

Hamle #4
Oyuncu: İnsan (Human)
Taş Hamlesi: (4, 3)
Engel: (2, 3)
Strateji: İnsan oyuncu hamlesi - Kazanma olasılığı: %53.3
Tahta Durumu:
X . . . . . .
. . . B X . .
. . . X . . .
. . . . . . .
. . X W . . .
. . . . . . .
. . . . . . .
------------------------------------------------

Hamle #5
Oyuncu: AI (B)
Taş Hamlesi: (0, 3)
Engel: (0, 1)
Strateji: Hard-ML: Öğrenilen bilgileri kullanma (Değer: 331.81, Öğrenilen toplam durum: 4179)
Tahta Durumu:
X . . . . . .
. . . B X . .
. . . X . . .
. . . . . . .
. . X W . . .
. . . . . . .
. . . . . . .
------------------------------------------------

Hamle #6
Oyuncu: İnsan (Human)
Taş Hamlesi: (3, 3)
Engel: (1, 3)
Strateji: İnsan oyuncu hamlesi - Kazanma olasılığı: %70.0
Tahta Durumu:
X X . B . . .
. . . X X . .
. . . X . . .
. . . W . . .
. . X . . . .
. . . . . . .
. . . . . . .
------------------------------------------------

Hamle #7
Oyuncu: AI (B)
Taş Hamlesi: (0, 2)
Engel: (2, 2)
Strateji: Normal => (iterative deepening) Hard mantığı
Tahta Durumu:
X X . B . . .
. . . X X . .
. . . X . . .
. . . W . . .
. . X . . . .
. . . . . . .
. . . . . . .
------------------------------------------------

Hamle #8
Oyuncu: İnsan (Human)
Taş Hamlesi: (3, 2)
Engel: (0, 3)
Strateji: İnsan oyuncu hamlesi - Kazanma olasılığı: %80.0
Tahta Durumu:
X X B X . . .
. . . X X . .
. . X X . . .
. . W . . . .
. . X . . . .
. . . . . . .
. . . . . . .
------------------------------------------------

Hamle #9
Oyuncu: AI (B)
Taş Hamlesi: (1, 1)
Engel: (0, 4)
Strateji: Easy fallback => random
Tahta Durumu:
X X B X . . .
. . . X X . .
. . X X . . .
. . W . . . .
. . X . . . .
. . . . . . .
. . . . . . .
------------------------------------------------

Hamle #10
Oyuncu: İnsan (Human)
Taş Hamlesi: (2, 1)
Engel: (2, 0)
Strateji: İnsan oyuncu hamlesi - Kazanma olasılığı: %63.3
Tahta Durumu:
X X . X X . .
. B . X X . .
X W X X . . .
. . . . . . .
. . X . . . .
. . . . . . .
. . . . . . .
------------------------------------------------

Hamle #11
Oyuncu: AI (B)
Taş Hamlesi: (1, 2)
Engel: (1, 1)
Strateji: Hard-ML: Öğrenilen bilgileri kullanma (Değer: -0.12, Öğrenilen toplam durum: 4180)
Tahta Durumu:
X X . X X . .
. B . X X . .
X W X X . . .
. . . . . . .
. . X . . . .
. . . . . . .
. . . . . . .
------------------------------------------------

Hamle #12
Oyuncu: İnsan (Human)
Taş Hamlesi: (3, 2)
Engel: (2, 1)
Strateji: İnsan oyuncu hamlesi - Kazanma olasılığı: %90.0
Tahta Durumu:
X X . X X . .
. X B X X . .
X X X X . . .
. . W . . . .
. . X . . . .
. . . . . . .
. . . . . . .
------------------------------------------------

Hamle #13
Oyuncu: AI (B)
Taş Hamlesi: (0, 2)
Engel: (3, 1)
Strateji: Normal => (iterative deepening) Hard mantığı
Tahta Durumu:
X X . X X . .
. X B X X . .
X X X X . . .
. . W . . . .
. . X . . . .
. . . . . . .
. . . . . . .
------------------------------------------------

Hamle #14
Oyuncu: İnsan (Human)
Taş Hamlesi: (3, 3)
Engel: (1, 2)
Strateji: İnsan oyuncu hamlesi - Kazanma olasılığı: %95.0
Tahta Durumu:
X X B X X . .
. X X X X . .
X X X X . . .
. X . W . . .
. . X . . . .
. . . . . . .
. . . . . . .
------------------------------------------------
