Abluka AI Log - 2025-03-31 16:37:16
Mod (Difficulty): hard
------------------------------------------------

Hamle #1
Oyuncu: AI (B)
Taş Hamlesi: (0, 2)
Engel: (0, 0)
Strateji: ML => Q + heuristic exploit => 310.31 (Q:206.86), Qsize=105751
Tahta Durumu:
. . . B . . .
. . . . . . .
. . . . . . .
. . . . . . .
. . . . . . .
. . . . . . .
. . . W . . .
------------------------------------------------

Hamle #2
Oyuncu: İnsan (Human)
Taş Hamlesi: (5, 3)
Engel: (1, 2)
Strateji: İnsan oyuncu hamlesi - Kazanma olasılığı: %70.0
Tahta Durumu:
X . B . . . .
. . X . . . .
. . . . . . .
. . . . . . .
. . . . . . .
. . . W . . .
. . . . . . .
------------------------------------------------

Hamle #3
Oyuncu: AI (B)
Taş Hamlesi: (1, 3)
Engel: (4, 2)
Strateji: ML => Q + heuristic exploit => 318.60 (Q:212.39), Qsize=105751
Tahta Durumu:
X . B . . . .
. . X . . . .
. . . . . . .
. . . . . . .
. . . . . . .
. . . W . . .
. . . . . . .
------------------------------------------------

Hamle #4
Oyuncu: İnsan (Human)
Taş Hamlesi: (4, 3)
Engel: (2, 3)
Strateji: İnsan oyuncu hamlesi - Kazanma olasılığı: %53.3
Tahta Durumu:
X . . . . . .
. . X B . . .
. . . X . . .
. . . . . . .
. . X W . . .
. . . . . . .
. . . . . . .
------------------------------------------------

Hamle #5
Oyuncu: AI (B)
Taş Hamlesi: (0, 3)
Engel: (0, 1)
Strateji: ML => Q + heuristic exploit => 278.12 (Q:185.41), Qsize=105751
Tahta Durumu:
X . . . . . .
. . X B . . .
. . . X . . .
. . . . . . .
. . X W . . .
. . . . . . .
. . . . . . .
------------------------------------------------
