Abluka Oyunu - 2025-03-29 00:37:14
AI Zorluk: normal
-----------------------------------------------------------------------------

Hamle #1
Oyuncu: AI (B)
Taş Hamlesi: (1, 3)
Engel: (5, 2)
Strateji: (4,3): Baskı bölgesinde, Rakibin hareketini 1 kadar kısıtlıyor, Merkeze yakın kontrol
Tahta Durumu:
. . . B . . .
. . . . . . .
. . . . . . .
. . . . . . .
. . . . . . .
. . . . . . .
. . . W . . .
-----------------------------------------------------------------------------

Hamle #2
Oyuncu: İnsan (Human)
Taş Hamlesi: (5, 3)
Engel: (2, 3)
Strateji: İnsan oyuncu hamlesi - Kazanma olasılığı: %55.0
Tahta Durumu:
. . . . . . .
. . . B . . .
. . . . . . .
. . . . . . .
. . . . . . .
. . . W . . .
. . . . . . .
-----------------------------------------------------------------------------

Hamle #3
Oyuncu: AI (B)
Taş Hamlesi: (2, 2)
Engel: (3, 3)
Strateji: (3,2): Baskı bölgesinde, Rakibin hareketini 1 kadar kısıtlıyor, Merkeze yakın kontrol
Tahta Durumu:
. . . . . . .
. . . B . . .
. . . . . . .
. . . . . . .
. . . . . . .
. . . W . . .
. . . . . . .
-----------------------------------------------------------------------------

Hamle #4
Oyuncu: İnsan (Human)
Taş Hamlesi: (4, 2)
Engel: (3, 2)
Strateji: İnsan oyuncu hamlesi - Kazanma olasılığı: %55.0
Tahta Durumu:
. . . . . . .
. . . . . . .
. . B . . . .
. . . . . . .
. . W . . . .
. . . . . . .
. . . . . . .
-----------------------------------------------------------------------------

Hamle #5
Oyuncu: AI (B)
Taş Hamlesi: (1, 1)
Engel: (1, 5)
Strateji: (3,2): Baskı bölgesinde, Rakibin hareketini 1 kadar kısıtlıyor, Merkeze yakın kontrol
Tahta Durumu:
. . . . . . .
. . . . . . .
. . B . . . .
. . . . . . .
. . W . . . .
. . . . . . .
. . . . . . .
-----------------------------------------------------------------------------

Hamle #6
Oyuncu: İnsan (Human)
Taş Hamlesi: (3, 1)
Engel: (1, 0)
Strateji: İnsan oyuncu hamlesi - Kazanma olasılığı: %55.0
Tahta Durumu:
. . . . . . .
. B . . . . .
. . . . . . .
. W . . . . .
. . . . . . .
. . . . . . .
. . . . . . .
-----------------------------------------------------------------------------

Hamle #7
Oyuncu: AI (B)
Taş Hamlesi: (1, 2)
Engel: (1, 1)
Strateji: (2,1): Baskı bölgesinde, Rakibin hareketini 1 kadar kısıtlıyor
Tahta Durumu:
. . . . . . .
. B . . . . .
. . . . . . .
. W . . . . .
. . . . . . .
. . . . . . .
. . . . . . .
-----------------------------------------------------------------------------

Hamle #8
Oyuncu: İnsan (Human)
Taş Hamlesi: (2, 2)
Engel: (1, 3)
Strateji: İnsan oyuncu hamlesi - Kazanma olasılığı: %42.5
Tahta Durumu:
. . . . . . .
. . B . . . .
. . W . . . .
. . . . . . .
. . . . . . .
. . . . . . .
. . . . . . .
-----------------------------------------------------------------------------

Hamle #9
Oyuncu: AI (B)
Taş Hamlesi: (0, 1)
Engel: (3, 0)
Strateji: (2,1): Baskı bölgesinde, Rakibin hareketini 1 kadar kısıtlıyor
Tahta Durumu:
. . . . . . .
. . B . . . .
. . W . . . .
. . . . . . .
. . . . . . .
. . . . . . .
. . . . . . .
-----------------------------------------------------------------------------

Hamle #10
Oyuncu: İnsan (Human)
Taş Hamlesi: (1, 2)
Engel: (0, 2)
Strateji: İnsan oyuncu hamlesi - Kazanma olasılığı: %95.0
Tahta Durumu:
. B . . . . .
. . W . . . .
. . . . . . .
. . . . . . .
. . . . . . .
. . . . . . .
. . . . . . .
-----------------------------------------------------------------------------

Hamle #11
Oyuncu: AI (B)
Taş Hamlesi: (0, 0)
Engel: (2, 1)
Strateji: (3,1): Baskı bölgesinde, Merkeze yakın kontrol
Tahta Durumu:
. B . . . . .
. . W . . . .
. . . . . . .
. . . . . . .
. . . . . . .
. . . . . . .
. . . . . . .
-----------------------------------------------------------------------------

Hamle #12
Oyuncu: İnsan (Human)
Taş Hamlesi: (0, 1)
Engel: (1, 2)
Strateji: İnsan oyuncu hamlesi - Kazanma olasılığı: %5.0
Tahta Durumu:
B W . . . . .
. . . . . . .
. . . . . . .
. . . . . . .
. . . . . . .
. . . . . . .
. . . . . . .
-----------------------------------------------------------------------------
