Abluka AI Log - 2025-11-19 23:39:15
Mod (Difficulty): hard
------------------------------------------------

Hamle #1
Oyuncu: AI (B)
Taş Hamlesi: (1, 3)
Engel: (5, 3)
Strateji: ML => Q + heuristic exploit => 0.14 (Q:0.00), Qsize=21
Tahta Durumu:
. . . B . . .
. . . . . . .
. . . . . . .
. . . . . . .
. . . . . . .
. . . . . . .
. . . W . . .
------------------------------------------------

Hamle #2
Oyuncu: İnsan (Human)
Taş Hamlesi: (5, 4)
Engel: (2, 3)
Strateji: İnsan oyuncu hamlesi - Kazanma olasılığı: %50.0
Tahta Durumu:
. . . . . . .
. . . B . . .
. . . X . . .
. . . . . . .
. . . . . . .
. . . X W . .
. . . . . . .
------------------------------------------------

Hamle #3
Oyuncu: AI (B)
Taş Hamlesi: (2, 2)
Engel: (4, 3)
Strateji: ML => Q + heuristic exploit => 0.06 (Q:0.00), Qsize=21
Tahta Durumu:
. . . . . . .
. . . B . . .
. . . X . . .
. . . . . . .
. . . . . . .
. . . X W . .
. . . . . . .
------------------------------------------------

Hamle #4
Oyuncu: İnsan (Human)
Taş Hamlesi: (4, 4)
Engel: (3, 3)
Strateji: İnsan oyuncu hamlesi - Kazanma olasılığı: %46.7
Tahta Durumu:
. . . . . . .
. . . . . . .
. . B X . . .
. . . X . . .
. . . X W . .
. . . X . . .
. . . . . . .
------------------------------------------------

Hamle #5
Oyuncu: AI (B)
Taş Hamlesi: (3, 1)
Engel: (3, 4)
Strateji: ML => Q + heuristic exploit => 0.15 (Q:0.00), Qsize=21
Tahta Durumu:
. . . . . . .
. . . . . . .
. . B X . . .
. . . X . . .
. . . X W . .
. . . X . . .
. . . . . . .
------------------------------------------------

Hamle #6
Oyuncu: İnsan (Human)
Taş Hamlesi: (5, 4)
Engel: (4, 1)
Strateji: İnsan oyuncu hamlesi - Kazanma olasılığı: %47.1
Tahta Durumu:
. . . . . . .
. . . . . . .
. . . X . . .
. B . X X . .
. X . X . . .
. . . X W . .
. . . . . . .
------------------------------------------------

Hamle #7
Oyuncu: AI (B)
Taş Hamlesi: (2, 1)
Engel: (4, 4)
Strateji: ML => Q + heuristic exploit => 0.09 (Q:0.00), Qsize=21
Tahta Durumu:
. . . . . . .
. . . . . . .
. . . X . . .
. B . X X . .
. X . X . . .
. . . X W . .
. . . . . . .
------------------------------------------------

Hamle #8
Oyuncu: İnsan (Human)
Taş Hamlesi: (4, 5)
Engel: (3, 1)
Strateji: İnsan oyuncu hamlesi - Kazanma olasılığı: %47.1
Tahta Durumu:
. . . . . . .
. . . . . . .
. B . X . . .
. X . X X . .
. X . X X W .
. . . X . . .
. . . . . . .
------------------------------------------------

Hamle #9
Oyuncu: AI (B)
Taş Hamlesi: (1, 1)
Engel: (5, 4)
Strateji: ML => Q + heuristic exploit => 0.09 (Q:0.00), Qsize=21
Tahta Durumu:
. . . . . . .
. . . . . . .
. B . X . . .
. X . X X . .
. X . X X W .
. . . X . . .
. . . . . . .
------------------------------------------------

Hamle #10
Oyuncu: İnsan (Human)
Taş Hamlesi: (3, 5)
Engel: (1, 2)
Strateji: İnsan oyuncu hamlesi - Kazanma olasılığı: %47.1
Tahta Durumu:
. . . . . . .
. B X . . . .
. . . X . . .
. X . X X W .
. X . X X . .
. . . X X . .
. . . . . . .
------------------------------------------------

Hamle #11
Oyuncu: AI (B)
Taş Hamlesi: (2, 1)
Engel: (2, 4)
Strateji: ML => Q + heuristic exploit => 0.04 (Q:0.00), Qsize=21
Tahta Durumu:
. . . . . . .
. B X . . . .
. . . X . . .
. X . X X W .
. X . X X . .
. . . X X . .
. . . . . . .
------------------------------------------------

Hamle #12
Oyuncu: İnsan (Human)
Taş Hamlesi: (4, 5)
Engel: (2, 2)
Strateji: İnsan oyuncu hamlesi - Kazanma olasılığı: %50.0
Tahta Durumu:
. . . . . . .
. . X . . . .
. B X X X . .
. X . X X . .
. X . X X W .
. . . X X . .
. . . . . . .
------------------------------------------------

Hamle #13
Oyuncu: AI (B)
Taş Hamlesi: (1, 1)
Engel: (3, 5)
Strateji: ML => Q + heuristic exploit => 0.10 (Q:0.00), Qsize=21
Tahta Durumu:
. . . . . . .
. . X . . . .
. B X X X . .
. X . X X . .
. X . X X W .
. . . X X . .
. . . . . . .
------------------------------------------------

Hamle #14
Oyuncu: İnsan (Human)
Taş Hamlesi: (5, 5)
Engel: (2, 1)
Strateji: İnsan oyuncu hamlesi - Kazanma olasılığı: %54.0
Tahta Durumu:
. . . . . . .
. B X . . . .
. X X X X . .
. X . X X X .
. X . X X . .
. . . X X W .
. . . . . . .
------------------------------------------------

Hamle #15
Oyuncu: AI (B)
Taş Hamlesi: (0, 2)
Engel: (6, 4)
Strateji: ML => Q + heuristic exploit => 0.42 (Q:0.00), Qsize=21
Tahta Durumu:
. . . . . . .
. B X . . . .
. X X X X . .
. X . X X X .
. X . X X . .
. . . X X W .
. . . . . . .
------------------------------------------------

Hamle #16
Oyuncu: İnsan (Human)
Taş Hamlesi: (4, 6)
Engel: (0, 3)
Strateji: İnsan oyuncu hamlesi - Kazanma olasılığı: %56.7
Tahta Durumu:
. . B X . . .
. . X . . . .
. X X X X . .
. X . X X X .
. X . X X . W
. . . X X . .
. . . . X . .
------------------------------------------------

Hamle #17
Oyuncu: AI (B)
Taş Hamlesi: (1, 1)
Engel: (3, 6)
Strateji: ML => Q + heuristic exploit => 0.74 (Q:0.00), Qsize=21
Tahta Durumu:
. . B X . . .
. . X . . . .
. X X X X . .
. X . X X X .
. X . X X . W
. . . X X . .
. . . . X . .
------------------------------------------------

Hamle #18
Oyuncu: İnsan (Human)
Taş Hamlesi: (4, 5)
Engel: (0, 2)
Strateji: İnsan oyuncu hamlesi - Kazanma olasılığı: %45.0
Tahta Durumu:
. . X X . . .
. B X . . . .
. X X X X . .
. X . X X X X
. X . X X W .
. . . X X . .
. . . . X . .
------------------------------------------------

Hamle #19
Oyuncu: AI (B)
Taş Hamlesi: (1, 0)
Engel: (4, 6)
Strateji: ML => Q + heuristic exploit => 0.83 (Q:0.00), Qsize=21
Tahta Durumu:
. . X X . . .
. B X . . . .
. X X X X . .
. X . X X X X
. X . X X W .
. . . X X . .
. . . . X . .
------------------------------------------------

Hamle #20
Oyuncu: İnsan (Human)
Taş Hamlesi: (5, 5)
Engel: (2, 0)
Strateji: İnsan oyuncu hamlesi - Kazanma olasılığı: %56.7
Tahta Durumu:
. . X X . . .
B . X . . . .
X X X X X . .
. X . X X X X
. X . X X . X
. . . X X W .
. . . . X . .
------------------------------------------------

Hamle #21
Oyuncu: AI (B)
Taş Hamlesi: (0, 1)
Engel: (4, 5)
Strateji: ML => Q + heuristic exploit => 0.68 (Q:0.00), Qsize=21
Tahta Durumu:
. . X X . . .
B . X . . . .
X X X X X . .
. X . X X X X
. X . X X . X
. . . X X W .
. . . . X . .
------------------------------------------------

Hamle #22
Oyuncu: İnsan (Human)
Taş Hamlesi: (5, 6)
Engel: (1, 1)
Strateji: İnsan oyuncu hamlesi - Kazanma olasılığı: %60.0
Tahta Durumu:
. B X X . . .
. X X . . . .
X X X X X . .
. X . X X X X
. X . X X X X
. . . X X . W
. . . . X . .
------------------------------------------------

Hamle #23
Oyuncu: AI (B)
Taş Hamlesi: (1, 0)
Engel: (5, 5)
Strateji: ML => Q + heuristic exploit => 0.63 (Q:0.00), Qsize=21
Tahta Durumu:
. B X X . . .
. X X . . . .
X X X X X . .
. X . X X X X
. X . X X X X
. . . X X . W
. . . . X . .
------------------------------------------------

Hamle #24
Oyuncu: İnsan (Human)
Taş Hamlesi: (6, 5)
Engel: (0, 1)
Strateji: İnsan oyuncu hamlesi - Kazanma olasılığı: %70.0
Tahta Durumu:
. X X X . . .
B X X . . . .
X X X X X . .
. X . X X X X
. X . X X X X
. . . X X X .
. . . . X W .
------------------------------------------------

Hamle #25
Oyuncu: AI (B)
Taş Hamlesi: (0, 0)
Engel: (5, 6)
Strateji: ML => Q + heuristic exploit => 0.63 (Q:0.00), Qsize=21
Tahta Durumu:
. X X X . . .
B X X . . . .
X X X X X . .
. X . X X X X
. X . X X X X
. . . X X X .
. . . . X W .
------------------------------------------------

Hamle #26
Oyuncu: İnsan (Human)
Taş Hamlesi: (6, 6)
Engel: (1, 0)
Strateji: İnsan oyuncu hamlesi - Kazanma olasılığı: %95.0
Tahta Durumu:
B X X X . . .
X X X . . . .
X X X X X . .
. X . X X X X
. X . X X X X
. . . X X X X
. . . . X . W
------------------------------------------------
